15:06:10.949 [main                     ] DEBUG Logger               - Configured Logger
15:06:10.970 [main                     ] DEBUG GameApplication      - Logging settings
Title: Pacman
Version: 0.2.3
Width: 1280
Height: 720
Fullscreen: true
Intro: false
Profiling: false
Single step:false
App Mode: DEVELOPER
Menu Key: ESCAPE
Stage Style: DECORATED
Scene Factory: class com.almasb.fxgl.app.scene.SceneFactory

15:06:11.319 [JavaFX Application Thread] DEBUG FXGLApplication      - Initializing FXGL
15:06:11.323 [JavaFX Application Thread] INFO  Engine               - FXGL-17.3 (30.03.2023 11.49) on WINDOWS (J:20 FX:19.0.2.1)
15:06:11.323 [JavaFX Application Thread] DEBUG Engine               - JRE Vendor Name: Oracle Corporation
15:06:11.323 [JavaFX Application Thread] DEBUG Engine               - Running on OS: Windows 10 version 10.0
15:06:11.323 [JavaFX Application Thread] DEBUG Engine               - Architecture: amd64
15:06:11.324 [JavaFX Application Thread] INFO  Engine               - Source code and latest versions at: https://github.com/AlmasB/FXGL
15:06:11.324 [JavaFX Application Thread] INFO  Engine               -       Ask questions and discuss at: https://github.com/AlmasB/FXGL/discussions
15:06:11.324 [JavaFX Application Thread] INFO  Engine               -              Join the FXGL chat at: https://gitter.im/AlmasB/FXGL
15:06:11.408 [JavaFX Application Thread] DEBUG PrimaryStageWindow   - Creating a JavaFX scene
15:06:11.474 [JavaFX Application Thread] DEBUG PrimaryStageWindow   - Target settings size: 1280.0 x 720.0
15:06:11.474 [JavaFX Application Thread] DEBUG PrimaryStageWindow   - Scaled scene size:    1280.0 x 720.0
15:06:11.475 [JavaFX Application Thread] DEBUG PrimaryStageWindow   - Scaled ratio: (1.0, 1.0)
15:06:11.476 [JavaFX Application Thread] DEBUG PrimaryStageWindow   - Set initial scene to FXGLStartupScene
15:06:11.479 [JavaFX Application Thread] DEBUG PrimaryStageWindow   - Opening main window
15:06:11.541 [JavaFX Application Thread] DEBUG PrimaryStageWindow   - Window border size: (16.0, 39.0)
15:06:11.541 [JavaFX Application Thread] DEBUG PrimaryStageWindow   - Scaled size: 1280.0 x 720.0
15:06:11.541 [JavaFX Application Thread] DEBUG PrimaryStageWindow   - Scaled ratio: (1.0, 1.0)
15:06:11.542 [JavaFX Application Thread] DEBUG PrimaryStageWindow   - Scene size: 1280.0 x 720.0
15:06:11.542 [JavaFX Application Thread] DEBUG PrimaryStageWindow   - Stage size: 1296.0 x 759.0
15:06:11.549 [FXGL Background Thread 1 ] DEBUG Engine               - Initializing environment variables
15:06:11.600 [FXGL Background Thread 1 ] DEBUG FXGLAssetLoaderServi - User app class for loading assets: class bbrz.pacman.Pacman.PacmanGame
15:06:11.600 [FXGL Background Thread 1 ] DEBUG GameApplicationServi - Applying CSS: fxgl_dark.css
15:06:11.601 [FXGL Background Thread 1 ] DEBUG FXGLAssetLoaderServi - Loading from file system: jar:file:///C:/Users/BBRZ/.m2/repository/com/github/almasb/fxgl/17.3/fxgl-17.3.jar!/fxglassets/ui/css/fxgl_dark.css
15:06:11.640 [FXGL Background Thread 1 ] DEBUG GameApplicationServi - Initializing application scenes
15:06:11.672 [FXGL Background Thread 1 ] DEBUG GameWorld            - Game world initialized
15:06:11.723 [FXGL Background Thread 1 ] DEBUG PhysicsWorld         - Physics world initialized: appHeight=720, physics.ppm=50.0
15:06:11.723 [FXGL Background Thread 1 ] DEBUG PhysicsWorld         - Using strategy: BRUTE_FORCE
15:06:11.727 [FXGL Background Thread 1 ] DEBUG GameScene            - Game scene initialized: 1280x720
15:06:11.737 [FXGL Background Thread 1 ] DEBUG FXGL.DefaultMenu     - createMenuBodyMainMenu()
15:06:11.751 [FXGL Background Thread 1 ] DEBUG FXGL.DefaultMenu     - createOptionsMenu()
15:06:11.758 [FXGL Background Thread 1 ] DEBUG FXGLAssetLoaderServi - Loading from file system: jar:file:///C:/Users/BBRZ/.m2/repository/com/github/almasb/fxgl/17.3/fxgl-17.3.jar!/fxglassets/textures/particles/smoke.png
15:06:11.827 [FXGL Background Thread 1 ] DEBUG FXGLAssetLoaderServi - Loading from file system: jar:file:///C:/Users/BBRZ/.m2/repository/com/github/almasb/fxgl/17.3/fxgl-17.3.jar!/fxglassets/textures/particles/trace_horizontal.png
15:06:11.860 [FXGL Background Thread 1 ] DEBUG FXGL.DefaultMenu     - createMenuBodyGameMenu()
15:06:11.861 [FXGL Background Thread 1 ] DEBUG FXGL.DefaultMenu     - createOptionsMenu()
15:06:11.875 [FXGL Background Thread 1 ] DEBUG GameApplicationServi - Application scenes initialized
15:06:11.890 [FXGL Background Thread 1 ] DEBUG SystemBundleService  - Loading FXGL system data
15:06:11.897 [FXGL Background Thread 1 ] DEBUG FileSystemAccess     - Reading from: C:\Users\BBRZ\git\bbrz\philipp_nussdorfer\Pacman\system\fxgl.bundle
15:06:11.906 [FXGL Background Thread 1 ] DEBUG SystemBundleService  - Bundle FXGL: {}
15:06:11.906 [FXGL Background Thread 1 ] DEBUG UpdaterService       - Checking for updates
15:06:11.910 [FXGL Background Thread 4 ] DEBUG FXGLApplication      - Loading fonts
15:06:11.911 [FXGL Background Thread 4 ] DEBUG FXGLAssetLoaderServi - Loading from file system: jar:file:///C:/Users/BBRZ/.m2/repository/com/github/almasb/fxgl/17.3/fxgl-17.3.jar!/fxglassets/ui/fonts/VarelaRound-Regular.ttf
15:06:11.911 [FXGL Background Thread 1 ] DEBUG FXGLApplication      - Loading default localization
15:06:11.911 [FXGL Background Thread 1 ] DEBUG FXGLAssetLoaderServi - Loading from file system: jar:file:///C:/Users/BBRZ/.m2/repository/com/github/almasb/fxgl/17.3/fxgl-17.3.jar!/fxglassets/languages/english.lang
15:06:11.934 [FXGL Background Thread 1 ] INFO  FXGLApplication      - FXGL initialization took: 0.384 sec
15:06:11.941 [JavaFX Application Thread] DEBUG Input                - Registered new binding: Move Up - W
15:06:11.941 [JavaFX Application Thread] DEBUG Input                - Registered new binding: Move Down - S
15:06:11.941 [JavaFX Application Thread] DEBUG Input                - Registered new binding: Move Left - A
15:06:11.941 [JavaFX Application Thread] DEBUG Input                - Registered new binding: Move Right - D
15:06:11.942 [JavaFX Application Thread] DEBUG FXGLAssetLoaderServi - Loading from file system: jar:file:///C:/Users/BBRZ/.m2/repository/com/github/almasb/fxgl/17.3/fxgl-17.3.jar!/fxglassets/textures/fxgl_icon.png
15:06:11.965 [JavaFX Application Thread] DEBUG FXGLAssetLoaderServi - Loading from file system: jar:file:///C:/Users/BBRZ/.m2/repository/com/github/almasb/fxgl/17.3/fxgl-17.3.jar!/fxglassets/textures/fxgl_default_cursor.png
15:06:11.968 [JavaFX Application Thread] DEBUG Input                - Registered new binding: Screenshot - CTRL+8
15:06:11.969 [JavaFX Application Thread] DEBUG Input                - Registered new binding: System info dump - CTRL+9
15:06:11.969 [JavaFX Application Thread] DEBUG Input                - Registered new binding: Restart - CTRL+R
15:06:11.970 [JavaFX Application Thread] DEBUG Input                - Registered new binding: Toggle Debug Camera - CTRL+7
15:06:11.972 [JavaFX Application Thread] DEBUG AchievementService   - Registered new achievement: My First Coin
15:06:11.972 [JavaFX Application Thread] DEBUG AchievementService   - Registered new achievement: Belly full of Coins
15:06:11.972 [JavaFX Application Thread] DEBUG AchievementService   - Registered new achievement: Eaten by blinky
15:06:11.972 [JavaFX Application Thread] DEBUG AchievementService   - Registered new achievement: It's time to get the White flag out
15:06:11.972 [JavaFX Application Thread] DEBUG AchievementService   - Registered new achievement: My First Cherry
15:06:11.972 [JavaFX Application Thread] DEBUG LoopRunner           - Starting loop
15:06:11.972 [JavaFX Application Thread] DEBUG LoopRunner           - Initializing JavaFX AnimationTimerLoop
15:06:11.976 [JavaFX Application Thread] DEBUG Input                - Clearing active input actions
15:06:11.985 [JavaFX Application Thread] DEBUG GameApplicationServi - Removing overlay from FXGLStartupScene and adding to FXGLMainMenuDummyScene
15:06:11.986 [JavaFX Application Thread] DEBUG PrimaryStageWindow   - FXGLStartupScene -> FXGLMainMenuDummyScene
15:06:11.986 [JavaFX Application Thread] DEBUG PrimaryStageWindow   - Push state: FXGLDefaultMenu
15:06:11.989 [FXGL Background Thread 4 ] DEBUG FXGLAssetLoaderServi - Loading from file system: jar:file:///C:/Users/BBRZ/.m2/repository/com/github/almasb/fxgl/17.3/fxgl-17.3.jar!/fxglassets/ui/fonts/Abel-Regular.ttf
15:06:11.995 [JavaFX Application Thread] DEBUG Input                - Clearing active input actions
15:06:12.000 [FXGL Background Thread 4 ] DEBUG FXGLAssetLoaderServi - Loading from file system: jar:file:///C:/Users/BBRZ/.m2/repository/com/github/almasb/fxgl/17.3/fxgl-17.3.jar!/fxglassets/ui/fonts/TerminalLandMono-Regular.otf
15:06:12.007 [JavaFX Application Thread] DEBUG GameApplicationServi - Removing overlay from FXGLMainMenuDummyScene and adding to FXGLDefaultMenu
15:06:12.008 [JavaFX Application Thread] DEBUG PrimaryStageWindow   - FXGLMainMenuDummyScene -> FXGLDefaultMenu
15:06:12.011 [FXGL Background Thread 4 ] DEBUG FXGLAssetLoaderServi - Loading from file system: jar:file:///C:/Users/BBRZ/.m2/repository/com/github/almasb/fxgl/17.3/fxgl-17.3.jar!/fxglassets/ui/fonts/Courier-Prime.ttf
15:06:12.081 [JavaFX Application Thread] DEBUG FXGLApplication      - Registering font factories with UI factory
15:06:13.798 [JavaFX Application Thread] DEBUG Menu                 - fireNewGame()
15:06:13.799 [JavaFX Application Thread] DEBUG GameApplicationServi - Starting new game
15:06:13.801 [JavaFX Application Thread] DEBUG PrimaryStageWindow   - Pop state: FXGLDefaultMenu
15:06:13.801 [JavaFX Application Thread] DEBUG Input                - Clearing active input actions
15:06:13.801 [JavaFX Application Thread] DEBUG GameApplicationServi - Removing overlay from FXGLDefaultMenu and adding to FXGLMainMenuDummyScene
15:06:13.802 [JavaFX Application Thread] DEBUG PrimaryStageWindow   - FXGLMainMenuDummyScene <- FXGLDefaultMenu
15:06:13.802 [JavaFX Application Thread] DEBUG Input                - Clearing active input actions
15:06:13.810 [JavaFX Application Thread] DEBUG GameApplicationServi - Removing overlay from FXGLMainMenuDummyScene and adding to FXGLLoadingScene
15:06:13.810 [JavaFX Application Thread] DEBUG PrimaryStageWindow   - FXGLMainMenuDummyScene -> FXGLLoadingScene
15:06:13.810 [JavaFX Application Thread] DEBUG GameApplicationServi - Clearing previous game
15:06:13.810 [JavaFX Application Thread] DEBUG GameScene            - Clearing game scene
15:06:13.810 [JavaFX Application Thread] DEBUG GameWorld            - Clearing game world
15:06:13.810 [JavaFX Application Thread] DEBUG PhysicsWorld         - Clearing physics world
15:06:13.811 [FXGL Background Thread 2 ] DEBUG FXGLApplication      - Initializing game
15:06:13.867 [FXGL Background Thread 2 ] WARN  TMXLevelLoader       - TiledMap generated from 1.10.1. Supported version: 1.9.0. Some features may not be parsed fully.
15:06:13.881 [FXGL Background Thread 2 ] DEBUG TMXLevelLoader       - Parsed TiledMap: file:/C:/Users/BBRZ/git/bbrz/philipp_nussdorfer/Pacman/target/classes/assets/levels/lvl_1.tmx
15:06:13.882 [FXGL Background Thread 2 ] DEBUG TMXLevelLoader       - Creating tile layer entities
15:06:13.884 [FXGL Background Thread 2 ] DEBUG TilesetLoader        - Loading view for layer Tile Layer 1
15:06:13.885 [FXGL Background Thread 2 ] DEBUG TilesetLoader        - Created buffer with size 800.0x600.0
15:06:13.889 [FXGL Background Thread 2 ] DEBUG TMXLevelLoader       - Creating object layer entities
15:06:13.902 [FXGL Background Thread 2 ] DEBUG FXGLAssetLoaderServi - Loading from file system: file:/C:/Users/BBRZ/git/bbrz/philipp_nussdorfer/Pacman/target/classes/assets/textures/player-left.png
15:06:13.904 [FXGL Background Thread 2 ] DEBUG FXGLAssetLoaderServi - Loading from file system: file:/C:/Users/BBRZ/git/bbrz/philipp_nussdorfer/Pacman/target/classes/assets/textures/player-right.png
15:06:13.905 [FXGL Background Thread 2 ] DEBUG FXGLAssetLoaderServi - Loading from file system: file:/C:/Users/BBRZ/git/bbrz/philipp_nussdorfer/Pacman/target/classes/assets/textures/player-up.png
15:06:13.906 [FXGL Background Thread 2 ] DEBUG FXGLAssetLoaderServi - Loading from file system: file:/C:/Users/BBRZ/git/bbrz/philipp_nussdorfer/Pacman/target/classes/assets/textures/player-down.png
15:06:13.913 [FXGL Background Thread 2 ] DEBUG FXGLAssetLoaderServi - Loading from file system: file:/C:/Users/BBRZ/git/bbrz/philipp_nussdorfer/Pacman/target/classes/assets/textures/coin.png
15:06:13.924 [FXGL Background Thread 2 ] DEBUG FXGLAssetLoaderServi - Loading from file system: file:/C:/Users/BBRZ/git/bbrz/philipp_nussdorfer/Pacman/target/classes/assets/textures/blinky-left.png
15:06:13.925 [FXGL Background Thread 2 ] DEBUG FXGLAssetLoaderServi - Loading from file system: file:/C:/Users/BBRZ/git/bbrz/philipp_nussdorfer/Pacman/target/classes/assets/textures/blinky-right.png
15:06:13.925 [FXGL Background Thread 2 ] DEBUG FXGLAssetLoaderServi - Loading from file system: file:/C:/Users/BBRZ/git/bbrz/philipp_nussdorfer/Pacman/target/classes/assets/textures/blinky-down.png
15:06:13.926 [FXGL Background Thread 2 ] DEBUG FXGLAssetLoaderServi - Loading from file system: file:/C:/Users/BBRZ/git/bbrz/philipp_nussdorfer/Pacman/target/classes/assets/textures/blinky-up.png
15:06:13.961 [FXGL Background Thread 2 ] DEBUG GameWorld            - Clearing removable entities
15:06:13.961 [FXGL Background Thread 2 ] DEBUG GameWorld            - Setting level: com.almasb.fxgl.entity.level.Level@f09e632
15:06:13.972 [FXGL Background Thread 2 ] INFO  FXGLApplication      - Game initialization took: 0.160 sec
15:06:13.981 [JavaFX Application Thread] DEBUG Input                - Clearing active input actions
15:06:13.986 [JavaFX Application Thread] DEBUG GameApplicationServi - Removing overlay from FXGLLoadingScene and adding to GameScene
15:06:13.987 [JavaFX Application Thread] DEBUG PrimaryStageWindow   - FXGLLoadingScene -> GameScene
15:06:14.911 [FXGL Background Thread 3 ] DEBUG Engine               - Logging environment variables
15:06:14.912 [FXGL Background Thread 3 ] DEBUG Engine               - achievements: [My First Coin:achieved(false), Belly full of Coins:achieved(false), Eaten by blinky:achieved(false), It's time to get the White flag out:achieved(false), My First Cherry:achieved(false)]
15:06:14.912 [FXGL Background Thread 3 ] DEBUG Engine               - actualHeight: 720.0
15:06:14.912 [FXGL Background Thread 3 ] DEBUG Engine               - actualHeightProperty: ReadOnlyDoubleProperty [value: 720.0]
15:06:14.912 [FXGL Background Thread 3 ] DEBUG Engine               - actualWidth: 1280.0
15:06:14.912 [FXGL Background Thread 3 ] DEBUG Engine               - actualWidthProperty: ReadOnlyDoubleProperty [value: 1280.0]
15:06:14.912 [FXGL Background Thread 3 ] DEBUG Engine               - appIcon: fxgl_icon.png
15:06:14.912 [FXGL Background Thread 3 ] DEBUG Engine               - applicationMode: DEVELOPER
15:06:14.912 [FXGL Background Thread 3 ] DEBUG Engine               - cSSList: [fxgl_dark.css]
15:06:14.912 [FXGL Background Thread 3 ] DEBUG Engine               - collisionDetectionStrategy: BRUTE_FORCE
15:06:14.912 [FXGL Background Thread 3 ] DEBUG Engine               - configClass: Optional.empty
15:06:14.912 [FXGL Background Thread 3 ] DEBUG Engine               - credits: []
15:06:14.912 [FXGL Background Thread 3 ] DEBUG Engine               - defaultCursor: CursorInfo(imageName=fxgl_default_cursor.png, hotspotX=7.0, hotspotY=6.0)
15:06:14.912 [FXGL Background Thread 3 ] DEBUG Engine               - devBBoxColorProperty: ObjectProperty [value: 0xff0000ff]
15:06:14.913 [FXGL Background Thread 3 ] DEBUG Engine               - devEnableDebugCameraProperty: BooleanProperty [value: false]
15:06:14.913 [FXGL Background Thread 3 ] DEBUG Engine               - devSensorColorProperty: ObjectProperty [value: 0xffff00ff]
15:06:14.913 [FXGL Background Thread 3 ] DEBUG Engine               - devShowBBoxProperty: BooleanProperty [value: false]
15:06:14.913 [FXGL Background Thread 3 ] DEBUG Engine               - devShowPositionProperty: BooleanProperty [value: false]
15:06:14.913 [FXGL Background Thread 3 ] DEBUG Engine               - enabledMenuItems: []
15:06:14.913 [FXGL Background Thread 3 ] DEBUG Engine               - engineServices: [class com.almasb.fxgl.app.services.FXGLAssetLoaderService, class com.almasb.fxgl.app.FXGLApplication$GameApplicationService, class com.almasb.fxgl.app.services.FXGLDialogService, class com.almasb.fxgl.app.services.IOTaskExecutorService, class com.almasb.fxgl.io.FileSystemService, class com.almasb.fxgl.localization.LocalizationService, class com.almasb.fxgl.app.services.SystemBundleService, class com.almasb.fxgl.profile.SaveLoadService, class com.almasb.fxgl.ui.FXGLUIFactoryServiceProvider, class com.almasb.fxgl.ui.FXGLDialogFactoryServiceProvider, class com.almasb.fxgl.audio.AudioPlayer, class com.almasb.fxgl.notification.impl.NotificationServiceProvider, class com.almasb.fxgl.achievement.AchievementService, class com.almasb.fxgl.cutscene.CutsceneService, class com.almasb.fxgl.minigames.MiniGameService, class com.almasb.fxgl.net.NetService, class com.almasb.fxgl.app.services.UpdaterService, class com.almasb.fxgl.dev.DevService]
15:06:14.913 [FXGL Background Thread 3 ] DEBUG Engine               - fontGame: Abel-Regular.ttf
15:06:14.913 [FXGL Background Thread 3 ] DEBUG Engine               - fontMono: TerminalLandMono-Regular.otf
15:06:14.913 [FXGL Background Thread 3 ] DEBUG Engine               - fontSizeScaleUI: 1.0
15:06:14.913 [FXGL Background Thread 3 ] DEBUG Engine               - fontText: Courier-Prime.ttf
15:06:14.913 [FXGL Background Thread 3 ] DEBUG Engine               - fontUI: VarelaRound-Regular.ttf
15:06:14.913 [FXGL Background Thread 3 ] DEBUG Engine               - fullScreen: BooleanProperty [value: false]
15:06:14.913 [FXGL Background Thread 3 ] DEBUG Engine               - gameDifficulty: MEDIUM
15:06:14.913 [FXGL Background Thread 3 ] DEBUG Engine               - gameDifficultyProperty: ObjectProperty [value: MEDIUM]
15:06:14.913 [FXGL Background Thread 3 ] DEBUG Engine               - globalMusicVolume: 0.5
15:06:14.914 [FXGL Background Thread 3 ] DEBUG Engine               - globalMusicVolumeProperty: DoubleProperty [value: 0.5]
15:06:14.914 [FXGL Background Thread 3 ] DEBUG Engine               - globalSoundVolume: 0.5
15:06:14.914 [FXGL Background Thread 3 ] DEBUG Engine               - globalSoundVolumeProperty: DoubleProperty [value: 0.5]
15:06:14.914 [FXGL Background Thread 3 ] DEBUG Engine               - height: 720
15:06:14.914 [FXGL Background Thread 3 ] DEBUG Engine               - is3D: false
15:06:14.914 [FXGL Background Thread 3 ] DEBUG Engine               - isAndroid: false
15:06:14.914 [FXGL Background Thread 3 ] DEBUG Engine               - isBrowser: false
15:06:14.914 [FXGL Background Thread 3 ] DEBUG Engine               - isClickFeedbackEnabled: false
15:06:14.914 [FXGL Background Thread 3 ] DEBUG Engine               - isCloseConfirmation: false
15:06:14.914 [FXGL Background Thread 3 ] DEBUG Engine               - isDesktop: true
15:06:14.914 [FXGL Background Thread 3 ] DEBUG Engine               - isDeveloperMenuEnabled: false
15:06:14.914 [FXGL Background Thread 3 ] DEBUG Engine               - isEmbedded: false
15:06:14.914 [FXGL Background Thread 3 ] DEBUG Engine               - isEntityPreloadEnabled: true
15:06:14.914 [FXGL Background Thread 3 ] DEBUG Engine               - isExperimentalTiledLargeMap: false
15:06:14.914 [FXGL Background Thread 3 ] DEBUG Engine               - isFileSystemWriteAllowed: true
15:06:14.914 [FXGL Background Thread 3 ] DEBUG Engine               - isFullScreenAllowed: true
15:06:14.914 [FXGL Background Thread 3 ] DEBUG Engine               - isFullScreenFromStart: false
15:06:14.914 [FXGL Background Thread 3 ] DEBUG Engine               - isGameMenuEnabled: true
15:06:14.914 [FXGL Background Thread 3 ] DEBUG Engine               - isIOS: false
15:06:14.914 [FXGL Background Thread 3 ] DEBUG Engine               - isIntroEnabled: false
15:06:14.914 [FXGL Background Thread 3 ] DEBUG Engine               - isLinux: false
15:06:14.914 [FXGL Background Thread 3 ] DEBUG Engine               - isMac: false
15:06:14.914 [FXGL Background Thread 3 ] DEBUG Engine               - isMainMenuEnabled: true
15:06:14.914 [FXGL Background Thread 3 ] DEBUG Engine               - isManualResizeEnabled: true
15:06:14.915 [FXGL Background Thread 3 ] DEBUG Engine               - isMobile: false
15:06:14.915 [FXGL Background Thread 3 ] DEBUG Engine               - isNative: false
15:06:14.915 [FXGL Background Thread 3 ] DEBUG Engine               - isPauseMusicWhenMinimized: true
15:06:14.915 [FXGL Background Thread 3 ] DEBUG Engine               - isPreserveResizeRatio: false
15:06:14.915 [FXGL Background Thread 3 ] DEBUG Engine               - isProfilingEnabled: false
15:06:14.915 [FXGL Background Thread 3 ] DEBUG Engine               - isScaleAffectedOnResize: true
15:06:14.915 [FXGL Background Thread 3 ] DEBUG Engine               - isSingleStep: false
15:06:14.915 [FXGL Background Thread 3 ] DEBUG Engine               - isUserProfileEnabled: false
15:06:14.915 [FXGL Background Thread 3 ] DEBUG Engine               - isWindows: true
15:06:14.915 [FXGL Background Thread 3 ] DEBUG Engine               - language: ObjectProperty [value: ENGLISH]
15:06:14.915 [FXGL Background Thread 3 ] DEBUG Engine               - menuKey: ESCAPE
15:06:14.915 [FXGL Background Thread 3 ] DEBUG Engine               - mouseSensitivity: 0.2
15:06:14.915 [FXGL Background Thread 3 ] DEBUG Engine               - notificationViewClass: class com.almasb.fxgl.notification.view.XboxNotificationView
15:06:14.915 [FXGL Background Thread 3 ] DEBUG Engine               - pixelsPerMeter: 50.0
15:06:14.915 [FXGL Background Thread 3 ] DEBUG Engine               - platform: WINDOWS
15:06:14.915 [FXGL Background Thread 3 ] DEBUG Engine               - prefHeightProperty: ReadOnlyDoubleProperty [value: 720.0]
15:06:14.915 [FXGL Background Thread 3 ] DEBUG Engine               - prefWidthProperty: ReadOnlyDoubleProperty [value: 1280.0]
15:06:14.915 [FXGL Background Thread 3 ] DEBUG Engine               - profileDir: profiles/
15:06:14.915 [FXGL Background Thread 3 ] DEBUG Engine               - profileName: StringProperty [value: DEFAULT]
15:06:14.915 [FXGL Background Thread 3 ] DEBUG Engine               - randomSeed: -1
15:06:14.916 [FXGL Background Thread 3 ] DEBUG Engine               - runtimeInfo: RuntimeInfo(platform=WINDOWS, version=17.3, build=30.03.2023 11.49)
15:06:14.916 [FXGL Background Thread 3 ] DEBUG Engine               - saveFileExt: sav
15:06:14.916 [FXGL Background Thread 3 ] DEBUG Engine               - scaledHeightProp$fxgl: DoubleProperty [bound, value: 720.0]
15:06:14.916 [FXGL Background Thread 3 ] DEBUG Engine               - scaledWidthProp$fxgl: DoubleProperty [bound, value: 1280.0]
15:06:14.916 [FXGL Background Thread 3 ] DEBUG Engine               - sceneFactory: com.almasb.fxgl.app.scene.SceneFactory@15a99e74
15:06:14.916 [FXGL Background Thread 3 ] DEBUG Engine               - secondsIn24h: 60
15:06:14.916 [FXGL Background Thread 3 ] DEBUG Engine               - soundMenuBack: menu/back.wav
15:06:14.916 [FXGL Background Thread 3 ] DEBUG Engine               - soundMenuPress: menu/press.wav
15:06:14.916 [FXGL Background Thread 3 ] DEBUG Engine               - soundMenuSelect: menu/select.wav
15:06:14.916 [FXGL Background Thread 3 ] DEBUG Engine               - soundNotification: core/notification.wav
15:06:14.916 [FXGL Background Thread 3 ] DEBUG Engine               - stageStyle: DECORATED
15:06:14.916 [FXGL Background Thread 3 ] DEBUG Engine               - supportedLanguages: [ENGLISH, FRENCH, GERMAN, HUNGARIAN, RUSSIAN]
15:06:14.916 [FXGL Background Thread 3 ] DEBUG Engine               - ticksPerSecond: -1
15:06:14.916 [FXGL Background Thread 3 ] DEBUG Engine               - title: Pacman
15:06:14.916 [FXGL Background Thread 3 ] DEBUG Engine               - urlGithub: https://github.com/AlmasB/FXGL
15:06:14.916 [FXGL Background Thread 3 ] DEBUG Engine               - urlLeaderboard: http://fxgl-top.herokuapp.com/
15:06:14.916 [FXGL Background Thread 3 ] DEBUG Engine               - urlPOM: https://raw.githubusercontent.com/AlmasB/FXGL/release/README.md
15:06:14.916 [FXGL Background Thread 3 ] DEBUG Engine               - userAppClass: class bbrz.pacman.Pacman.PacmanGame
15:06:14.916 [FXGL Background Thread 3 ] DEBUG Engine               - version: 0.2.3
15:06:14.916 [FXGL Background Thread 3 ] DEBUG Engine               - versionCheckDays: 7
15:06:14.916 [FXGL Background Thread 3 ] DEBUG Engine               - width: 1280
15:06:14.917 [FXGL Background Thread 3 ] DEBUG Engine               - Logging services
15:06:14.917 [FXGL Background Thread 3 ] DEBUG Engine               - class com.almasb.fxgl.app.services.FXGLAssetLoaderService
15:06:14.917 [FXGL Background Thread 3 ] DEBUG Engine               - class com.almasb.fxgl.app.FXGLApplication$GameApplicationService
15:06:14.917 [FXGL Background Thread 3 ] DEBUG Engine               - class com.almasb.fxgl.app.services.FXGLDialogService
15:06:14.917 [FXGL Background Thread 3 ] DEBUG Engine               - class com.almasb.fxgl.app.services.IOTaskExecutorService
15:06:14.917 [FXGL Background Thread 3 ] DEBUG Engine               - class com.almasb.fxgl.io.FileSystemService
15:06:14.917 [FXGL Background Thread 3 ] DEBUG Engine               - class com.almasb.fxgl.localization.LocalizationService
15:06:14.917 [FXGL Background Thread 3 ] DEBUG Engine               - class com.almasb.fxgl.app.services.SystemBundleService
15:06:14.917 [FXGL Background Thread 3 ] DEBUG Engine               - class com.almasb.fxgl.profile.SaveLoadService
15:06:14.917 [FXGL Background Thread 3 ] DEBUG Engine               - class com.almasb.fxgl.ui.FXGLUIFactoryServiceProvider
15:06:14.917 [FXGL Background Thread 3 ] DEBUG Engine               - class com.almasb.fxgl.ui.FXGLDialogFactoryServiceProvider
15:06:14.917 [FXGL Background Thread 3 ] DEBUG Engine               - class com.almasb.fxgl.audio.AudioPlayer
15:06:14.917 [FXGL Background Thread 3 ] DEBUG Engine               - class com.almasb.fxgl.notification.impl.NotificationServiceProvider
15:06:14.917 [FXGL Background Thread 3 ] DEBUG Engine               - class com.almasb.fxgl.achievement.AchievementService
15:06:14.917 [FXGL Background Thread 3 ] DEBUG Engine               - class com.almasb.fxgl.cutscene.CutsceneService
15:06:14.917 [FXGL Background Thread 3 ] DEBUG Engine               - class com.almasb.fxgl.minigames.MiniGameService
15:06:14.917 [FXGL Background Thread 3 ] DEBUG Engine               - class com.almasb.fxgl.net.NetService
15:06:14.917 [FXGL Background Thread 3 ] DEBUG Engine               - class com.almasb.fxgl.app.services.UpdaterService
15:06:14.917 [FXGL Background Thread 3 ] DEBUG Engine               - class com.almasb.fxgl.dev.DevService
15:06:16.314 [JavaFX Application Thread] DEBUG PrimaryStageWindow   - Push state: FXGLDefaultMenu
15:06:16.315 [JavaFX Application Thread] DEBUG Input                - Clearing active input actions
15:06:16.316 [JavaFX Application Thread] DEBUG GameApplicationServi - Removing overlay from GameScene and adding to FXGLDefaultMenu
15:06:16.316 [JavaFX Application Thread] DEBUG PrimaryStageWindow   - GameScene -> FXGLDefaultMenu
15:06:18.982 [JavaFX Application Thread] DEBUG PrimaryStageWindow   - Pop state: FXGLDefaultMenu
15:06:18.982 [JavaFX Application Thread] DEBUG Input                - Clearing active input actions
15:06:18.983 [JavaFX Application Thread] DEBUG GameApplicationServi - Removing overlay from FXGLDefaultMenu and adding to GameScene
15:06:18.983 [JavaFX Application Thread] DEBUG PrimaryStageWindow   - GameScene <- FXGLDefaultMenu
15:06:19.965 [JavaFX Application Thread] DEBUG FXGLAssetLoaderServi - Loading from file system: file:/C:/Users/BBRZ/git/bbrz/philipp_nussdorfer/Pacman/target/classes/assets/sounds/pill.wav
15:06:20.107 [JavaFX Application Thread] DEBUG EventBus             - Firing event: AchievementProgressEvent[value=1.0,max=1.0]
15:06:20.111 [JavaFX Application Thread] DEBUG EventBus             - Firing event: AchievementEvent[type=ACHIEVED, name=My First Coin, description=Eat your first Coin]
15:06:29.247 [JavaFX Application Thread] DEBUG EventBus             - Firing event: AchievementProgressEvent[value=50.0,max=100.0]
15:06:38.798 [JavaFX Application Thread] DEBUG FXGLAssetLoaderServi - Loading from file system: file:/C:/Users/BBRZ/git/bbrz/philipp_nussdorfer/Pacman/target/classes/assets/sounds/level.wav
15:06:38.820 [JavaFX Application Thread] WARN  TMXLevelLoader       - TiledMap generated from 1.10.1. Supported version: 1.9.0. Some features may not be parsed fully.
15:06:38.831 [JavaFX Application Thread] DEBUG TMXLevelLoader       - Parsed TiledMap: file:/C:/Users/BBRZ/git/bbrz/philipp_nussdorfer/Pacman/target/classes/assets/levels/lvl_2.tmx
15:06:38.831 [JavaFX Application Thread] DEBUG TMXLevelLoader       - Creating tile layer entities
15:06:38.831 [JavaFX Application Thread] DEBUG TilesetLoader        - Loading view for layer Tile Layer 1
15:06:38.832 [JavaFX Application Thread] DEBUG TilesetLoader        - Created buffer with size 600.0x600.0
15:06:38.845 [JavaFX Application Thread] DEBUG TilesetLoader        - Loading view for layer Tile Layer 2
15:06:38.845 [JavaFX Application Thread] DEBUG TilesetLoader        - Created buffer with size 600.0x600.0
15:06:38.846 [JavaFX Application Thread] DEBUG TMXLevelLoader       - Creating object layer entities
15:06:38.896 [JavaFX Application Thread] DEBUG FXGLAssetLoaderServi - Loading from file system: file:/C:/Users/BBRZ/git/bbrz/philipp_nussdorfer/Pacman/target/classes/assets/textures/cherry.png
15:06:38.898 [JavaFX Application Thread] DEBUG GameWorld            - Clearing removable entities
15:06:38.899 [JavaFX Application Thread] DEBUG GameWorld            - Setting level: com.almasb.fxgl.entity.level.Level@628554cb
15:06:40.795 [JavaFX Application Thread] DEBUG PrimaryStageWindow   - Push state: FXGLDefaultMenu
15:06:40.795 [JavaFX Application Thread] DEBUG Input                - Clearing active input actions
15:06:40.796 [JavaFX Application Thread] DEBUG GameApplicationServi - Removing overlay from GameScene and adding to FXGLDefaultMenu
15:06:40.796 [JavaFX Application Thread] DEBUG PrimaryStageWindow   - GameScene -> FXGLDefaultMenu
15:06:42.266 [JavaFX Application Thread] DEBUG Menu                 - fireExitToMainMenu()
15:06:42.268 [JavaFX Application Thread] DEBUG PrimaryStageWindow   - Push state: DialogSubScene
15:06:42.268 [JavaFX Application Thread] DEBUG Input                - Clearing active input actions
15:06:42.268 [JavaFX Application Thread] DEBUG GameApplicationServi - Removing overlay from FXGLDefaultMenu and adding to DialogSubScene
15:06:42.269 [JavaFX Application Thread] DEBUG PrimaryStageWindow   - FXGLDefaultMenu -> DialogSubScene
15:06:43.642 [JavaFX Application Thread] DEBUG PrimaryStageWindow   - Pop state: DialogSubScene
15:06:43.642 [JavaFX Application Thread] DEBUG Input                - Clearing active input actions
15:06:43.643 [JavaFX Application Thread] DEBUG GameApplicationServi - Removing overlay from DialogSubScene and adding to FXGLDefaultMenu
15:06:43.643 [JavaFX Application Thread] DEBUG PrimaryStageWindow   - FXGLDefaultMenu <- DialogSubScene
15:06:43.643 [JavaFX Application Thread] DEBUG PrimaryStageWindow   - Pop state: FXGLDefaultMenu
15:06:43.643 [JavaFX Application Thread] DEBUG Input                - Clearing active input actions
15:06:43.643 [JavaFX Application Thread] DEBUG GameApplicationServi - Removing overlay from FXGLDefaultMenu and adding to GameScene
15:06:43.643 [JavaFX Application Thread] DEBUG PrimaryStageWindow   - GameScene <- FXGLDefaultMenu
15:06:43.643 [JavaFX Application Thread] DEBUG Input                - Clearing active input actions
15:06:43.647 [JavaFX Application Thread] DEBUG GameApplicationServi - Removing overlay from GameScene and adding to FXGLMainMenuDummyScene
15:06:43.647 [JavaFX Application Thread] DEBUG PrimaryStageWindow   - GameScene -> FXGLMainMenuDummyScene
15:06:43.647 [JavaFX Application Thread] DEBUG PrimaryStageWindow   - Push state: FXGLDefaultMenu
15:06:43.647 [JavaFX Application Thread] DEBUG Input                - Clearing active input actions
15:06:43.648 [JavaFX Application Thread] DEBUG GameApplicationServi - Removing overlay from FXGLMainMenuDummyScene and adding to FXGLDefaultMenu
15:06:43.648 [JavaFX Application Thread] DEBUG PrimaryStageWindow   - FXGLMainMenuDummyScene -> FXGLDefaultMenu
15:06:45.094 [JavaFX Application Thread] DEBUG Menu                 - fireExit()
15:06:45.096 [JavaFX Application Thread] DEBUG PrimaryStageWindow   - Push state: DialogSubScene
15:06:45.096 [JavaFX Application Thread] DEBUG Input                - Clearing active input actions
15:06:45.096 [JavaFX Application Thread] DEBUG GameApplicationServi - Removing overlay from FXGLDefaultMenu and adding to DialogSubScene
15:06:45.096 [JavaFX Application Thread] DEBUG PrimaryStageWindow   - FXGLDefaultMenu -> DialogSubScene
15:06:46.162 [JavaFX Application Thread] DEBUG PrimaryStageWindow   - Pop state: DialogSubScene
15:06:46.162 [JavaFX Application Thread] DEBUG Input                - Clearing active input actions
15:06:46.162 [JavaFX Application Thread] DEBUG GameApplicationServi - Removing overlay from DialogSubScene and adding to FXGLDefaultMenu
15:06:46.162 [JavaFX Application Thread] DEBUG PrimaryStageWindow   - FXGLDefaultMenu <- DialogSubScene
15:06:46.162 [JavaFX Application Thread] DEBUG FXGLApplication      - Exiting FXGL
15:06:46.162 [JavaFX Application Thread] DEBUG LoopRunner           - Stopping loop
15:06:46.162 [JavaFX Application Thread] DEBUG SystemBundleService  - Saving FXGL system data
15:06:46.164 [JavaFX Application Thread] DEBUG FileSystemAccess     - Writing to: C:\Users\BBRZ\git\bbrz\philipp_nussdorfer\Pacman\system\fxgl.bundle
15:06:46.166 [JavaFX Application Thread] DEBUG Async                - Shutting down background threads
15:06:46.166 [JavaFX Application Thread] DEBUG PrimaryStageWindow   - Closing main window
15:06:46.176 [JavaFX Application Thread] DEBUG Logger               - Closing Logger
