12:01:02.628 [main                     ] DEBUG Logger               - Configured Logger
12:01:02.651 [main                     ] DEBUG GameApplication      - Logging settings
Title: Pacman
Version: 0.0
Width: 800
Height: 600
Fullscreen: false
Intro: false
Profiling: false
Single step:false
App Mode: DEVELOPER
Menu Key: ESCAPE
Stage Style: DECORATED
Scene Factory: class com.almasb.fxgl.app.scene.SceneFactory

12:01:03.024 [JavaFX Application Thread] DEBUG FXGLApplication      - Initializing FXGL
12:01:03.031 [JavaFX Application Thread] INFO  Engine               - FXGL-17.3 (30.03.2023 11.49) on WINDOWS (J:20 FX:13)
12:01:03.032 [JavaFX Application Thread] DEBUG Engine               - JRE Vendor Name: Oracle Corporation
12:01:03.032 [JavaFX Application Thread] DEBUG Engine               - Running on OS: Windows 10 version 10.0
12:01:03.032 [JavaFX Application Thread] DEBUG Engine               - Architecture: amd64
12:01:03.033 [JavaFX Application Thread] INFO  Engine               - Source code and latest versions at: https://github.com/AlmasB/FXGL
12:01:03.033 [JavaFX Application Thread] INFO  Engine               -       Ask questions and discuss at: https://github.com/AlmasB/FXGL/discussions
12:01:03.033 [JavaFX Application Thread] INFO  Engine               -              Join the FXGL chat at: https://gitter.im/AlmasB/FXGL
12:01:03.137 [JavaFX Application Thread] DEBUG PrimaryStageWindow   - Creating a JavaFX scene
12:01:03.210 [JavaFX Application Thread] DEBUG PrimaryStageWindow   - Target settings size: 800.0 x 600.0
12:01:03.210 [JavaFX Application Thread] DEBUG PrimaryStageWindow   - Scaled scene size:    800.0 x 600.0
12:01:03.210 [JavaFX Application Thread] DEBUG PrimaryStageWindow   - Scaled ratio: (1.0, 1.0)
12:01:03.211 [JavaFX Application Thread] DEBUG PrimaryStageWindow   - Set initial scene to FXGLStartupScene
12:01:03.217 [JavaFX Application Thread] DEBUG PrimaryStageWindow   - Opening main window
12:01:03.321 [JavaFX Application Thread] DEBUG PrimaryStageWindow   - Window border size: (16.0, 39.0)
12:01:03.322 [JavaFX Application Thread] DEBUG PrimaryStageWindow   - Scaled size: 800.0 x 600.0
12:01:03.322 [JavaFX Application Thread] DEBUG PrimaryStageWindow   - Scaled ratio: (1.0, 1.0)
12:01:03.322 [JavaFX Application Thread] DEBUG PrimaryStageWindow   - Scene size: 800.0 x 600.0
12:01:03.322 [JavaFX Application Thread] DEBUG PrimaryStageWindow   - Stage size: 816.0 x 639.0
12:01:03.329 [FXGL Background Thread 1 ] DEBUG Engine               - Initializing environment variables
12:01:03.369 [FXGL Background Thread 1 ] DEBUG FXGLAssetLoaderServi - User app class for loading assets: class bbrz.pacman.Pacman.PacmanGame
12:01:03.369 [FXGL Background Thread 1 ] DEBUG GameApplicationServi - Applying CSS: fxgl_dark.css
12:01:03.370 [FXGL Background Thread 1 ] DEBUG FXGLAssetLoaderServi - Loading from file system: jar:file:///C:/Users/BBRZ/.m2/repository/com/github/almasb/fxgl/17.3/fxgl-17.3.jar!/fxglassets/ui/css/fxgl_dark.css
12:01:03.410 [FXGL Background Thread 1 ] DEBUG GameApplicationServi - Initializing application scenes
12:01:03.440 [FXGL Background Thread 1 ] DEBUG GameWorld            - Game world initialized
12:01:03.500 [FXGL Background Thread 1 ] DEBUG PhysicsWorld         - Physics world initialized: appHeight=600, physics.ppm=50.0
12:01:03.500 [FXGL Background Thread 1 ] DEBUG PhysicsWorld         - Using strategy: BRUTE_FORCE
12:01:03.504 [FXGL Background Thread 1 ] DEBUG GameScene            - Game scene initialized: 800x600
12:01:03.515 [FXGL Background Thread 1 ] DEBUG FXGL.DefaultMenu     - createMenuBodyGameMenu()
12:01:03.528 [FXGL Background Thread 1 ] DEBUG FXGL.DefaultMenu     - createOptionsMenu()
12:01:03.536 [FXGL Background Thread 1 ] DEBUG FXGLAssetLoaderServi - Loading from file system: jar:file:///C:/Users/BBRZ/.m2/repository/com/github/almasb/fxgl/17.3/fxgl-17.3.jar!/fxglassets/textures/particles/smoke.png
12:01:03.609 [FXGL Background Thread 1 ] DEBUG FXGLAssetLoaderServi - Loading from file system: jar:file:///C:/Users/BBRZ/.m2/repository/com/github/almasb/fxgl/17.3/fxgl-17.3.jar!/fxglassets/textures/particles/trace_horizontal.png
12:01:03.646 [FXGL Background Thread 1 ] DEBUG GameApplicationServi - Application scenes initialized
12:01:03.664 [FXGL Background Thread 1 ] DEBUG SystemBundleService  - Loading FXGL system data
12:01:03.671 [FXGL Background Thread 1 ] DEBUG FileSystemAccess     - Reading from: C:\Users\BBRZ\git\bbrz\philipp_nussdorfer\Pacman\system\fxgl.bundle
12:01:03.679 [FXGL Background Thread 1 ] DEBUG SystemBundleService  - Bundle FXGL: {}
12:01:03.679 [FXGL Background Thread 1 ] DEBUG UpdaterService       - Checking for updates
12:01:03.683 [FXGL Background Thread 4 ] DEBUG FXGLApplication      - Loading fonts
12:01:03.684 [FXGL Background Thread 1 ] DEBUG FXGLApplication      - Loading default localization
12:01:03.684 [FXGL Background Thread 4 ] DEBUG FXGLAssetLoaderServi - Loading from file system: jar:file:///C:/Users/BBRZ/.m2/repository/com/github/almasb/fxgl/17.3/fxgl-17.3.jar!/fxglassets/ui/fonts/VarelaRound-Regular.ttf
12:01:03.685 [FXGL Background Thread 1 ] DEBUG FXGLAssetLoaderServi - Loading from file system: jar:file:///C:/Users/BBRZ/.m2/repository/com/github/almasb/fxgl/17.3/fxgl-17.3.jar!/fxglassets/languages/english.lang
12:01:03.705 [FXGL Background Thread 1 ] INFO  FXGLApplication      - FXGL initialization took: 0.376 sec
12:01:03.717 [JavaFX Application Thread] DEBUG Input                - Registered new binding: Move Left - A
12:01:03.718 [JavaFX Application Thread] DEBUG Input                - Registered new binding: Move Right - D
12:01:03.718 [JavaFX Application Thread] DEBUG Input                - Registered new binding: Move Up - W
12:01:03.719 [JavaFX Application Thread] DEBUG Input                - Registered new binding: Move Down - S
12:01:03.719 [JavaFX Application Thread] DEBUG FXGLAssetLoaderServi - Loading from file system: jar:file:///C:/Users/BBRZ/.m2/repository/com/github/almasb/fxgl/17.3/fxgl-17.3.jar!/fxglassets/textures/fxgl_icon.png
12:01:03.748 [JavaFX Application Thread] DEBUG FXGLAssetLoaderServi - Loading from file system: jar:file:///C:/Users/BBRZ/.m2/repository/com/github/almasb/fxgl/17.3/fxgl-17.3.jar!/fxglassets/textures/fxgl_default_cursor.png
12:01:03.751 [JavaFX Application Thread] DEBUG Input                - Registered new binding: Screenshot - CTRL+8
12:01:03.752 [JavaFX Application Thread] DEBUG Input                - Registered new binding: System info dump - CTRL+9
12:01:03.752 [JavaFX Application Thread] DEBUG Input                - Registered new binding: Restart - CTRL+R
12:01:03.753 [JavaFX Application Thread] DEBUG Input                - Registered new binding: Toggle Debug Camera - CTRL+7
12:01:03.756 [JavaFX Application Thread] DEBUG LoopRunner           - Starting loop
12:01:03.756 [JavaFX Application Thread] DEBUG LoopRunner           - Initializing JavaFX AnimationTimerLoop
12:01:03.758 [JavaFX Application Thread] DEBUG GameApplicationServi - Starting new game
12:01:03.758 [JavaFX Application Thread] DEBUG Input                - Clearing active input actions
12:01:03.761 [FXGL Background Thread 4 ] DEBUG FXGLAssetLoaderServi - Loading from file system: jar:file:///C:/Users/BBRZ/.m2/repository/com/github/almasb/fxgl/17.3/fxgl-17.3.jar!/fxglassets/ui/fonts/Abel-Regular.ttf
12:01:03.771 [JavaFX Application Thread] DEBUG GameApplicationServi - Removing overlay from FXGLStartupScene and adding to FXGLLoadingScene
12:01:03.772 [JavaFX Application Thread] DEBUG PrimaryStageWindow   - FXGLStartupScene -> FXGLLoadingScene
12:01:03.772 [JavaFX Application Thread] DEBUG GameApplicationServi - Clearing previous game
12:01:03.772 [JavaFX Application Thread] DEBUG GameScene            - Clearing game scene
12:01:03.772 [JavaFX Application Thread] DEBUG GameWorld            - Clearing game world
12:01:03.772 [JavaFX Application Thread] DEBUG PhysicsWorld         - Clearing physics world
12:01:03.773 [FXGL Background Thread 4 ] DEBUG FXGLAssetLoaderServi - Loading from file system: jar:file:///C:/Users/BBRZ/.m2/repository/com/github/almasb/fxgl/17.3/fxgl-17.3.jar!/fxglassets/ui/fonts/TerminalLandMono-Regular.otf
12:01:03.774 [FXGL Background Thread 1 ] DEBUG FXGLApplication      - Initializing game
12:01:03.785 [FXGL Background Thread 4 ] DEBUG FXGLAssetLoaderServi - Loading from file system: jar:file:///C:/Users/BBRZ/.m2/repository/com/github/almasb/fxgl/17.3/fxgl-17.3.jar!/fxglassets/ui/fonts/Courier-Prime.ttf
12:01:03.815 [JavaFX Application Thread] DEBUG FXGLApplication      - Registering font factories with UI factory
12:01:03.857 [FXGL Background Thread 1 ] WARN  TMXLevelLoader       - TiledMap generated from 1.10.1. Supported version: 1.9.0. Some features may not be parsed fully.
12:01:03.895 [FXGL Background Thread 1 ] DEBUG TMXLevelLoader       - Parsed TiledMap: file:/C:/Users/BBRZ/git/bbrz/philipp_nussdorfer/Pacman/target/classes/assets/levels/lvl_1.tmx
12:01:03.896 [FXGL Background Thread 1 ] DEBUG TMXLevelLoader       - Creating tile layer entities
12:01:03.899 [FXGL Background Thread 1 ] DEBUG TilesetLoader        - Loading view for layer Tile Layer 1
12:01:03.899 [FXGL Background Thread 1 ] DEBUG TilesetLoader        - Created buffer with size 400.0x400.0
12:01:03.948 [FXGL Background Thread 1 ] DEBUG TilesetLoader        - Loading view for layer Tile Layer 2
12:01:03.949 [FXGL Background Thread 1 ] DEBUG TilesetLoader        - Created buffer with size 400.0x400.0
12:01:03.950 [FXGL Background Thread 1 ] DEBUG TMXLevelLoader       - Creating object layer entities
12:01:03.965 [FXGL Background Thread 1 ] DEBUG FXGLAssetLoaderServi - Loading from file system: file:/C:/Users/BBRZ/git/bbrz/philipp_nussdorfer/Pacman/target/classes/assets/textures/player-left.png
12:01:03.971 [FXGL Background Thread 1 ] DEBUG FXGLAssetLoaderServi - Loading from file system: file:/C:/Users/BBRZ/git/bbrz/philipp_nussdorfer/Pacman/target/classes/assets/textures/player-right.png
12:01:03.974 [FXGL Background Thread 1 ] DEBUG FXGLAssetLoaderServi - Loading from file system: file:/C:/Users/BBRZ/git/bbrz/philipp_nussdorfer/Pacman/target/classes/assets/textures/player-up.png
12:01:03.976 [FXGL Background Thread 1 ] DEBUG FXGLAssetLoaderServi - Loading from file system: file:/C:/Users/BBRZ/git/bbrz/philipp_nussdorfer/Pacman/target/classes/assets/textures/player-down.png
12:01:04.031 [FXGL Background Thread 1 ] DEBUG FXGLAssetLoaderServi - Loading from file system: file:/C:/Users/BBRZ/git/bbrz/philipp_nussdorfer/Pacman/target/classes/assets/textures/coin.png
12:01:04.133 [FXGL Background Thread 1 ] DEBUG GameWorld            - Clearing removable entities
12:01:04.133 [FXGL Background Thread 1 ] DEBUG GameWorld            - Setting level: com.almasb.fxgl.entity.level.Level@59856cc3
12:01:04.150 [FXGL Background Thread 1 ] INFO  FXGLApplication      - Game initialization took: 0.375 sec
12:01:04.154 [JavaFX Application Thread] DEBUG Input                - Clearing active input actions
12:01:04.191 [JavaFX Application Thread] DEBUG GameApplicationServi - Removing overlay from FXGLLoadingScene and adding to GameScene
12:01:04.192 [JavaFX Application Thread] DEBUG PrimaryStageWindow   - FXGLLoadingScene -> GameScene
12:01:06.684 [FXGL Background Thread 3 ] DEBUG Engine               - Logging environment variables
12:01:06.684 [FXGL Background Thread 3 ] DEBUG Engine               - achievements: []
12:01:06.684 [FXGL Background Thread 3 ] DEBUG Engine               - actualHeight: 600.0
12:01:06.684 [FXGL Background Thread 3 ] DEBUG Engine               - actualHeightProperty: ReadOnlyDoubleProperty [value: 600.0]
12:01:06.684 [FXGL Background Thread 3 ] DEBUG Engine               - actualWidth: 800.0
12:01:06.685 [FXGL Background Thread 3 ] DEBUG Engine               - actualWidthProperty: ReadOnlyDoubleProperty [value: 800.0]
12:01:06.685 [FXGL Background Thread 3 ] DEBUG Engine               - appIcon: fxgl_icon.png
12:01:06.685 [FXGL Background Thread 3 ] DEBUG Engine               - applicationMode: DEVELOPER
12:01:06.685 [FXGL Background Thread 3 ] DEBUG Engine               - cSSList: [fxgl_dark.css]
12:01:06.685 [FXGL Background Thread 3 ] DEBUG Engine               - collisionDetectionStrategy: BRUTE_FORCE
12:01:06.685 [FXGL Background Thread 3 ] DEBUG Engine               - configClass: Optional.empty
12:01:06.685 [FXGL Background Thread 3 ] DEBUG Engine               - credits: []
12:01:06.685 [FXGL Background Thread 3 ] DEBUG Engine               - defaultCursor: CursorInfo(imageName=fxgl_default_cursor.png, hotspotX=7.0, hotspotY=6.0)
12:01:06.685 [FXGL Background Thread 3 ] DEBUG Engine               - devBBoxColorProperty: ObjectProperty [value: 0xff0000ff]
12:01:06.685 [FXGL Background Thread 3 ] DEBUG Engine               - devEnableDebugCameraProperty: BooleanProperty [value: false]
12:01:06.686 [FXGL Background Thread 3 ] DEBUG Engine               - devSensorColorProperty: ObjectProperty [value: 0xffff00ff]
12:01:06.686 [FXGL Background Thread 3 ] DEBUG Engine               - devShowBBoxProperty: BooleanProperty [value: false]
12:01:06.686 [FXGL Background Thread 3 ] DEBUG Engine               - devShowPositionProperty: BooleanProperty [value: false]
12:01:06.686 [FXGL Background Thread 3 ] DEBUG Engine               - enabledMenuItems: []
12:01:06.686 [FXGL Background Thread 3 ] DEBUG Engine               - engineServices: [class com.almasb.fxgl.app.services.FXGLAssetLoaderService, class com.almasb.fxgl.app.FXGLApplication$GameApplicationService, class com.almasb.fxgl.app.services.FXGLDialogService, class com.almasb.fxgl.app.services.IOTaskExecutorService, class com.almasb.fxgl.io.FileSystemService, class com.almasb.fxgl.localization.LocalizationService, class com.almasb.fxgl.app.services.SystemBundleService, class com.almasb.fxgl.profile.SaveLoadService, class com.almasb.fxgl.ui.FXGLUIFactoryServiceProvider, class com.almasb.fxgl.ui.FXGLDialogFactoryServiceProvider, class com.almasb.fxgl.audio.AudioPlayer, class com.almasb.fxgl.notification.impl.NotificationServiceProvider, class com.almasb.fxgl.achievement.AchievementService, class com.almasb.fxgl.cutscene.CutsceneService, class com.almasb.fxgl.minigames.MiniGameService, class com.almasb.fxgl.net.NetService, class com.almasb.fxgl.app.services.UpdaterService, class com.almasb.fxgl.dev.DevService]
12:01:06.686 [FXGL Background Thread 3 ] DEBUG Engine               - fontGame: Abel-Regular.ttf
12:01:06.686 [FXGL Background Thread 3 ] DEBUG Engine               - fontMono: TerminalLandMono-Regular.otf
12:01:06.686 [FXGL Background Thread 3 ] DEBUG Engine               - fontSizeScaleUI: 1.0
12:01:06.686 [FXGL Background Thread 3 ] DEBUG Engine               - fontText: Courier-Prime.ttf
12:01:06.686 [FXGL Background Thread 3 ] DEBUG Engine               - fontUI: VarelaRound-Regular.ttf
12:01:06.686 [FXGL Background Thread 3 ] DEBUG Engine               - fullScreen: BooleanProperty [value: false]
12:01:06.686 [FXGL Background Thread 3 ] DEBUG Engine               - gameDifficulty: MEDIUM
12:01:06.686 [FXGL Background Thread 3 ] DEBUG Engine               - gameDifficultyProperty: ObjectProperty [value: MEDIUM]
12:01:06.686 [FXGL Background Thread 3 ] DEBUG Engine               - globalMusicVolume: 0.5
12:01:06.686 [FXGL Background Thread 3 ] DEBUG Engine               - globalMusicVolumeProperty: DoubleProperty [value: 0.5]
12:01:06.686 [FXGL Background Thread 3 ] DEBUG Engine               - globalSoundVolume: 0.5
12:01:06.686 [FXGL Background Thread 3 ] DEBUG Engine               - globalSoundVolumeProperty: DoubleProperty [value: 0.5]
12:01:06.686 [FXGL Background Thread 3 ] DEBUG Engine               - height: 600
12:01:06.687 [FXGL Background Thread 3 ] DEBUG Engine               - is3D: false
12:01:06.687 [FXGL Background Thread 3 ] DEBUG Engine               - isAndroid: false
12:01:06.687 [FXGL Background Thread 3 ] DEBUG Engine               - isBrowser: false
12:01:06.687 [FXGL Background Thread 3 ] DEBUG Engine               - isClickFeedbackEnabled: false
12:01:06.687 [FXGL Background Thread 3 ] DEBUG Engine               - isCloseConfirmation: false
12:01:06.687 [FXGL Background Thread 3 ] DEBUG Engine               - isDesktop: true
12:01:06.687 [FXGL Background Thread 3 ] DEBUG Engine               - isDeveloperMenuEnabled: false
12:01:06.687 [FXGL Background Thread 3 ] DEBUG Engine               - isEmbedded: false
12:01:06.687 [FXGL Background Thread 3 ] DEBUG Engine               - isEntityPreloadEnabled: true
12:01:06.687 [FXGL Background Thread 3 ] DEBUG Engine               - isExperimentalTiledLargeMap: false
12:01:06.687 [FXGL Background Thread 3 ] DEBUG Engine               - isFileSystemWriteAllowed: true
12:01:06.687 [FXGL Background Thread 3 ] DEBUG Engine               - isFullScreenAllowed: false
12:01:06.687 [FXGL Background Thread 3 ] DEBUG Engine               - isFullScreenFromStart: false
12:01:06.687 [FXGL Background Thread 3 ] DEBUG Engine               - isGameMenuEnabled: true
12:01:06.687 [FXGL Background Thread 3 ] DEBUG Engine               - isIOS: false
12:01:06.687 [FXGL Background Thread 3 ] DEBUG Engine               - isIntroEnabled: false
12:01:06.687 [FXGL Background Thread 3 ] DEBUG Engine               - isLinux: false
12:01:06.687 [FXGL Background Thread 3 ] DEBUG Engine               - isMac: false
12:01:06.687 [FXGL Background Thread 3 ] DEBUG Engine               - isMainMenuEnabled: false
12:01:06.687 [FXGL Background Thread 3 ] DEBUG Engine               - isManualResizeEnabled: false
12:01:06.687 [FXGL Background Thread 3 ] DEBUG Engine               - isMobile: false
12:01:06.687 [FXGL Background Thread 3 ] DEBUG Engine               - isNative: false
12:01:06.687 [FXGL Background Thread 3 ] DEBUG Engine               - isPauseMusicWhenMinimized: true
12:01:06.687 [FXGL Background Thread 3 ] DEBUG Engine               - isPreserveResizeRatio: false
12:01:06.687 [FXGL Background Thread 3 ] DEBUG Engine               - isProfilingEnabled: false
12:01:06.687 [FXGL Background Thread 3 ] DEBUG Engine               - isScaleAffectedOnResize: true
12:01:06.687 [FXGL Background Thread 3 ] DEBUG Engine               - isSingleStep: false
12:01:06.687 [FXGL Background Thread 3 ] DEBUG Engine               - isUserProfileEnabled: false
12:01:06.687 [FXGL Background Thread 3 ] DEBUG Engine               - isWindows: true
12:01:06.687 [FXGL Background Thread 3 ] DEBUG Engine               - language: ObjectProperty [value: ENGLISH]
12:01:06.688 [FXGL Background Thread 3 ] DEBUG Engine               - menuKey: ESCAPE
12:01:06.688 [FXGL Background Thread 3 ] DEBUG Engine               - mouseSensitivity: 0.2
12:01:06.688 [FXGL Background Thread 3 ] DEBUG Engine               - notificationViewClass: class com.almasb.fxgl.notification.view.XboxNotificationView
12:01:06.688 [FXGL Background Thread 3 ] DEBUG Engine               - pixelsPerMeter: 50.0
12:01:06.688 [FXGL Background Thread 3 ] DEBUG Engine               - platform: WINDOWS
12:01:06.688 [FXGL Background Thread 3 ] DEBUG Engine               - prefHeightProperty: ReadOnlyDoubleProperty [value: 600.0]
12:01:06.688 [FXGL Background Thread 3 ] DEBUG Engine               - prefWidthProperty: ReadOnlyDoubleProperty [value: 800.0]
12:01:06.688 [FXGL Background Thread 3 ] DEBUG Engine               - profileDir: profiles/
12:01:06.688 [FXGL Background Thread 3 ] DEBUG Engine               - profileName: StringProperty [value: DEFAULT]
12:01:06.688 [FXGL Background Thread 3 ] DEBUG Engine               - randomSeed: -1
12:01:06.688 [FXGL Background Thread 3 ] DEBUG Engine               - runtimeInfo: RuntimeInfo(platform=WINDOWS, version=17.3, build=30.03.2023 11.49)
12:01:06.688 [FXGL Background Thread 3 ] DEBUG Engine               - saveFileExt: sav
12:01:06.688 [FXGL Background Thread 3 ] DEBUG Engine               - scaledHeightProp$fxgl: DoubleProperty [bound, value: 600.0]
12:01:06.688 [FXGL Background Thread 3 ] DEBUG Engine               - scaledWidthProp$fxgl: DoubleProperty [bound, value: 800.0]
12:01:06.688 [FXGL Background Thread 3 ] DEBUG Engine               - sceneFactory: com.almasb.fxgl.app.scene.SceneFactory@709b97ce
12:01:06.688 [FXGL Background Thread 3 ] DEBUG Engine               - secondsIn24h: 60
12:01:06.688 [FXGL Background Thread 3 ] DEBUG Engine               - soundMenuBack: menu/back.wav
12:01:06.688 [FXGL Background Thread 3 ] DEBUG Engine               - soundMenuPress: menu/press.wav
12:01:06.688 [FXGL Background Thread 3 ] DEBUG Engine               - soundMenuSelect: menu/select.wav
12:01:06.688 [FXGL Background Thread 3 ] DEBUG Engine               - soundNotification: core/notification.wav
12:01:06.688 [FXGL Background Thread 3 ] DEBUG Engine               - stageStyle: DECORATED
12:01:06.688 [FXGL Background Thread 3 ] DEBUG Engine               - supportedLanguages: [ENGLISH, FRENCH, GERMAN, HUNGARIAN, RUSSIAN]
12:01:06.688 [FXGL Background Thread 3 ] DEBUG Engine               - ticksPerSecond: -1
12:01:06.688 [FXGL Background Thread 3 ] DEBUG Engine               - title: Pacman
12:01:06.688 [FXGL Background Thread 3 ] DEBUG Engine               - urlGithub: https://github.com/AlmasB/FXGL
12:01:06.688 [FXGL Background Thread 3 ] DEBUG Engine               - urlLeaderboard: http://fxgl-top.herokuapp.com/
12:01:06.688 [FXGL Background Thread 3 ] DEBUG Engine               - urlPOM: https://raw.githubusercontent.com/AlmasB/FXGL/release/README.md
12:01:06.689 [FXGL Background Thread 3 ] DEBUG Engine               - userAppClass: class bbrz.pacman.Pacman.PacmanGame
12:01:06.689 [FXGL Background Thread 3 ] DEBUG Engine               - version: 0.0
12:01:06.689 [FXGL Background Thread 3 ] DEBUG Engine               - versionCheckDays: 7
12:01:06.689 [FXGL Background Thread 3 ] DEBUG Engine               - width: 800
12:01:06.689 [FXGL Background Thread 3 ] DEBUG Engine               - Logging services
12:01:06.689 [FXGL Background Thread 3 ] DEBUG Engine               - class com.almasb.fxgl.app.services.FXGLAssetLoaderService
12:01:06.689 [FXGL Background Thread 3 ] DEBUG Engine               - class com.almasb.fxgl.app.FXGLApplication$GameApplicationService
12:01:06.689 [FXGL Background Thread 3 ] DEBUG Engine               - class com.almasb.fxgl.app.services.FXGLDialogService
12:01:06.689 [FXGL Background Thread 3 ] DEBUG Engine               - class com.almasb.fxgl.app.services.IOTaskExecutorService
12:01:06.689 [FXGL Background Thread 3 ] DEBUG Engine               - class com.almasb.fxgl.io.FileSystemService
12:01:06.689 [FXGL Background Thread 3 ] DEBUG Engine               - class com.almasb.fxgl.localization.LocalizationService
12:01:06.689 [FXGL Background Thread 3 ] DEBUG Engine               - class com.almasb.fxgl.app.services.SystemBundleService
12:01:06.689 [FXGL Background Thread 3 ] DEBUG Engine               - class com.almasb.fxgl.profile.SaveLoadService
12:01:06.689 [FXGL Background Thread 3 ] DEBUG Engine               - class com.almasb.fxgl.ui.FXGLUIFactoryServiceProvider
12:01:06.689 [FXGL Background Thread 3 ] DEBUG Engine               - class com.almasb.fxgl.ui.FXGLDialogFactoryServiceProvider
12:01:06.689 [FXGL Background Thread 3 ] DEBUG Engine               - class com.almasb.fxgl.audio.AudioPlayer
12:01:06.689 [FXGL Background Thread 3 ] DEBUG Engine               - class com.almasb.fxgl.notification.impl.NotificationServiceProvider
12:01:06.689 [FXGL Background Thread 3 ] DEBUG Engine               - class com.almasb.fxgl.achievement.AchievementService
12:01:06.689 [FXGL Background Thread 3 ] DEBUG Engine               - class com.almasb.fxgl.cutscene.CutsceneService
12:01:06.689 [FXGL Background Thread 3 ] DEBUG Engine               - class com.almasb.fxgl.minigames.MiniGameService
12:01:06.689 [FXGL Background Thread 3 ] DEBUG Engine               - class com.almasb.fxgl.net.NetService
12:01:06.689 [FXGL Background Thread 3 ] DEBUG Engine               - class com.almasb.fxgl.app.services.UpdaterService
12:01:06.689 [FXGL Background Thread 3 ] DEBUG Engine               - class com.almasb.fxgl.dev.DevService
12:01:19.946 [JavaFX Application Thread] DEBUG FXGLApplication      - Exiting FXGL
12:01:19.946 [JavaFX Application Thread] DEBUG LoopRunner           - Stopping loop
12:01:19.946 [JavaFX Application Thread] DEBUG SystemBundleService  - Saving FXGL system data
12:01:19.948 [JavaFX Application Thread] DEBUG FileSystemAccess     - Writing to: C:\Users\BBRZ\git\bbrz\philipp_nussdorfer\Pacman\system\fxgl.bundle
12:01:19.950 [JavaFX Application Thread] DEBUG Async                - Shutting down background threads
12:01:19.950 [JavaFX Application Thread] DEBUG PrimaryStageWindow   - Closing main window
12:01:19.959 [JavaFX Application Thread] DEBUG Logger               - Closing Logger
