08:18:02.614 [main                     ] DEBUG Logger               - Configured Logger
08:18:02.634 [main                     ] DEBUG GameApplication      - Logging settings
Title: Pacman
Version: 0.0
Width: 800
Height: 600
Fullscreen: false
Intro: false
Profiling: false
Single step:false
App Mode: DEVELOPER
Menu Key: ESCAPE
Stage Style: DECORATED
Scene Factory: class com.almasb.fxgl.app.scene.SceneFactory

08:18:03.011 [JavaFX Application Thread] DEBUG FXGLApplication      - Initializing FXGL
08:18:03.014 [JavaFX Application Thread] INFO  Engine               - FXGL-17.3 (30.03.2023 11.49) on WINDOWS (J:20 FX:19.0.2.1)
08:18:03.015 [JavaFX Application Thread] DEBUG Engine               - JRE Vendor Name: Oracle Corporation
08:18:03.015 [JavaFX Application Thread] DEBUG Engine               - Running on OS: Windows 10 version 10.0
08:18:03.015 [JavaFX Application Thread] DEBUG Engine               - Architecture: amd64
08:18:03.015 [JavaFX Application Thread] INFO  Engine               - Source code and latest versions at: https://github.com/AlmasB/FXGL
08:18:03.015 [JavaFX Application Thread] INFO  Engine               -       Ask questions and discuss at: https://github.com/AlmasB/FXGL/discussions
08:18:03.015 [JavaFX Application Thread] INFO  Engine               -              Join the FXGL chat at: https://gitter.im/AlmasB/FXGL
08:18:03.099 [JavaFX Application Thread] DEBUG PrimaryStageWindow   - Creating a JavaFX scene
08:18:03.162 [JavaFX Application Thread] DEBUG PrimaryStageWindow   - Target settings size: 800.0 x 600.0
08:18:03.163 [JavaFX Application Thread] DEBUG PrimaryStageWindow   - Scaled scene size:    800.0 x 600.0
08:18:03.163 [JavaFX Application Thread] DEBUG PrimaryStageWindow   - Scaled ratio: (1.0, 1.0)
08:18:03.164 [JavaFX Application Thread] DEBUG PrimaryStageWindow   - Set initial scene to FXGLStartupScene
08:18:03.166 [JavaFX Application Thread] DEBUG PrimaryStageWindow   - Opening main window
08:18:03.264 [JavaFX Application Thread] DEBUG PrimaryStageWindow   - Window border size: (16.0, 39.0)
08:18:03.264 [JavaFX Application Thread] DEBUG PrimaryStageWindow   - Scaled size: 800.0 x 600.0
08:18:03.264 [JavaFX Application Thread] DEBUG PrimaryStageWindow   - Scaled ratio: (1.0, 1.0)
08:18:03.265 [JavaFX Application Thread] DEBUG PrimaryStageWindow   - Scene size: 800.0 x 600.0
08:18:03.265 [JavaFX Application Thread] DEBUG PrimaryStageWindow   - Stage size: 816.0 x 639.0
08:18:03.273 [FXGL Background Thread 1 ] DEBUG Engine               - Initializing environment variables
08:18:03.323 [FXGL Background Thread 1 ] DEBUG FXGLAssetLoaderServi - User app class for loading assets: class bbrz.pacman.Pacman.PacmanGame
08:18:03.323 [FXGL Background Thread 1 ] DEBUG GameApplicationServi - Applying CSS: fxgl_dark.css
08:18:03.324 [FXGL Background Thread 1 ] DEBUG FXGLAssetLoaderServi - Loading from file system: jar:file:///C:/Users/BBRZ/.m2/repository/com/github/almasb/fxgl/17.3/fxgl-17.3.jar!/fxglassets/ui/css/fxgl_dark.css
08:18:03.364 [FXGL Background Thread 1 ] DEBUG GameApplicationServi - Initializing application scenes
08:18:03.403 [FXGL Background Thread 1 ] DEBUG GameWorld            - Game world initialized
08:18:03.464 [FXGL Background Thread 1 ] DEBUG PhysicsWorld         - Physics world initialized: appHeight=600, physics.ppm=50.0
08:18:03.465 [FXGL Background Thread 1 ] DEBUG PhysicsWorld         - Using strategy: BRUTE_FORCE
08:18:03.469 [FXGL Background Thread 1 ] DEBUG GameScene            - Game scene initialized: 800x600
08:18:03.480 [FXGL Background Thread 1 ] DEBUG FXGL.DefaultMenu     - createMenuBodyGameMenu()
08:18:03.493 [FXGL Background Thread 1 ] DEBUG FXGL.DefaultMenu     - createOptionsMenu()
08:18:03.500 [FXGL Background Thread 1 ] DEBUG FXGLAssetLoaderServi - Loading from file system: jar:file:///C:/Users/BBRZ/.m2/repository/com/github/almasb/fxgl/17.3/fxgl-17.3.jar!/fxglassets/textures/particles/smoke.png
08:18:03.588 [FXGL Background Thread 1 ] DEBUG FXGLAssetLoaderServi - Loading from file system: jar:file:///C:/Users/BBRZ/.m2/repository/com/github/almasb/fxgl/17.3/fxgl-17.3.jar!/fxglassets/textures/particles/trace_horizontal.png
08:18:03.625 [FXGL Background Thread 1 ] DEBUG GameApplicationServi - Application scenes initialized
08:18:03.641 [FXGL Background Thread 1 ] DEBUG SystemBundleService  - Loading FXGL system data
08:18:03.654 [FXGL Background Thread 1 ] DEBUG FileSystemAccess     - Reading from: C:\Users\BBRZ\git\bbrz\philipp_nussdorfer\Pacman\system\fxgl.bundle
08:18:03.666 [FXGL Background Thread 1 ] DEBUG SystemBundleService  - Bundle FXGL: {}
08:18:03.667 [FXGL Background Thread 1 ] DEBUG UpdaterService       - Checking for updates
08:18:03.671 [FXGL Background Thread 4 ] DEBUG FXGLApplication      - Loading fonts
08:18:03.672 [FXGL Background Thread 4 ] DEBUG FXGLAssetLoaderServi - Loading from file system: jar:file:///C:/Users/BBRZ/.m2/repository/com/github/almasb/fxgl/17.3/fxgl-17.3.jar!/fxglassets/ui/fonts/VarelaRound-Regular.ttf
08:18:03.672 [FXGL Background Thread 1 ] DEBUG FXGLApplication      - Loading default localization
08:18:03.672 [FXGL Background Thread 1 ] DEBUG FXGLAssetLoaderServi - Loading from file system: jar:file:///C:/Users/BBRZ/.m2/repository/com/github/almasb/fxgl/17.3/fxgl-17.3.jar!/fxglassets/languages/english.lang
08:18:03.692 [FXGL Background Thread 1 ] INFO  FXGLApplication      - FXGL initialization took: 0.418 sec
08:18:03.704 [JavaFX Application Thread] DEBUG Input                - Registered new binding: Move Left - A
08:18:03.704 [JavaFX Application Thread] DEBUG Input                - Registered new binding: Move Right - D
08:18:03.705 [JavaFX Application Thread] DEBUG Input                - Registered new binding: Move Up - W
08:18:03.705 [JavaFX Application Thread] DEBUG Input                - Registered new binding: Move Down - S
08:18:03.706 [JavaFX Application Thread] DEBUG FXGLAssetLoaderServi - Loading from file system: jar:file:///C:/Users/BBRZ/.m2/repository/com/github/almasb/fxgl/17.3/fxgl-17.3.jar!/fxglassets/textures/fxgl_icon.png
08:18:03.729 [JavaFX Application Thread] DEBUG FXGLAssetLoaderServi - Loading from file system: jar:file:///C:/Users/BBRZ/.m2/repository/com/github/almasb/fxgl/17.3/fxgl-17.3.jar!/fxglassets/textures/fxgl_default_cursor.png
08:18:03.731 [JavaFX Application Thread] DEBUG Input                - Registered new binding: Screenshot - CTRL+8
08:18:03.732 [JavaFX Application Thread] DEBUG Input                - Registered new binding: System info dump - CTRL+9
08:18:03.732 [JavaFX Application Thread] DEBUG Input                - Registered new binding: Restart - CTRL+R
08:18:03.732 [JavaFX Application Thread] DEBUG Input                - Registered new binding: Toggle Debug Camera - CTRL+7
08:18:03.735 [JavaFX Application Thread] DEBUG LoopRunner           - Starting loop
08:18:03.735 [JavaFX Application Thread] DEBUG LoopRunner           - Initializing JavaFX AnimationTimerLoop
08:18:03.737 [JavaFX Application Thread] DEBUG GameApplicationServi - Starting new game
08:18:03.739 [JavaFX Application Thread] DEBUG Input                - Clearing active input actions
08:18:03.748 [FXGL Background Thread 4 ] DEBUG FXGLAssetLoaderServi - Loading from file system: jar:file:///C:/Users/BBRZ/.m2/repository/com/github/almasb/fxgl/17.3/fxgl-17.3.jar!/fxglassets/ui/fonts/Abel-Regular.ttf
08:18:03.750 [JavaFX Application Thread] DEBUG GameApplicationServi - Removing overlay from FXGLStartupScene and adding to FXGLLoadingScene
08:18:03.750 [JavaFX Application Thread] DEBUG PrimaryStageWindow   - FXGLStartupScene -> FXGLLoadingScene
08:18:03.751 [JavaFX Application Thread] DEBUG GameApplicationServi - Clearing previous game
08:18:03.751 [JavaFX Application Thread] DEBUG GameScene            - Clearing game scene
08:18:03.751 [JavaFX Application Thread] DEBUG GameWorld            - Clearing game world
08:18:03.751 [JavaFX Application Thread] DEBUG PhysicsWorld         - Clearing physics world
08:18:03.753 [FXGL Background Thread 1 ] DEBUG FXGLApplication      - Initializing game
08:18:03.760 [FXGL Background Thread 4 ] DEBUG FXGLAssetLoaderServi - Loading from file system: jar:file:///C:/Users/BBRZ/.m2/repository/com/github/almasb/fxgl/17.3/fxgl-17.3.jar!/fxglassets/ui/fonts/TerminalLandMono-Regular.otf
08:18:03.771 [FXGL Background Thread 4 ] DEBUG FXGLAssetLoaderServi - Loading from file system: jar:file:///C:/Users/BBRZ/.m2/repository/com/github/almasb/fxgl/17.3/fxgl-17.3.jar!/fxglassets/ui/fonts/Courier-Prime.ttf
08:18:03.795 [JavaFX Application Thread] DEBUG FXGLApplication      - Registering font factories with UI factory
08:18:03.831 [FXGL Background Thread 1 ] WARN  TMXLevelLoader       - TiledMap generated from 1.10.1. Supported version: 1.9.0. Some features may not be parsed fully.
08:18:03.868 [FXGL Background Thread 1 ] DEBUG TMXLevelLoader       - Parsed TiledMap: file:/C:/Users/BBRZ/git/bbrz/philipp_nussdorfer/Pacman/target/classes/assets/levels/lvl_1.tmx
08:18:03.870 [FXGL Background Thread 1 ] DEBUG TMXLevelLoader       - Creating tile layer entities
08:18:03.874 [FXGL Background Thread 1 ] DEBUG TilesetLoader        - Loading view for layer Tile Layer 1
08:18:03.875 [FXGL Background Thread 1 ] DEBUG TilesetLoader        - Created buffer with size 400.0x400.0
08:18:03.927 [FXGL Background Thread 1 ] DEBUG TilesetLoader        - Loading view for layer Tile Layer 2
08:18:03.927 [FXGL Background Thread 1 ] DEBUG TilesetLoader        - Created buffer with size 400.0x400.0
08:18:03.928 [FXGL Background Thread 1 ] DEBUG TMXLevelLoader       - Creating object layer entities
08:18:03.955 [FXGL Background Thread 1 ] DEBUG FXGLAssetLoaderServi - Loading from file system: file:/C:/Users/BBRZ/git/bbrz/philipp_nussdorfer/Pacman/target/classes/assets/textures/player-left.png
08:18:03.958 [FXGL Background Thread 1 ] DEBUG FXGLAssetLoaderServi - Loading from file system: file:/C:/Users/BBRZ/git/bbrz/philipp_nussdorfer/Pacman/target/classes/assets/textures/player-right.png
08:18:03.960 [FXGL Background Thread 1 ] DEBUG FXGLAssetLoaderServi - Loading from file system: file:/C:/Users/BBRZ/git/bbrz/philipp_nussdorfer/Pacman/target/classes/assets/textures/player-up.png
08:18:03.962 [FXGL Background Thread 1 ] DEBUG FXGLAssetLoaderServi - Loading from file system: file:/C:/Users/BBRZ/git/bbrz/philipp_nussdorfer/Pacman/target/classes/assets/textures/player-down.png
08:18:03.997 [FXGL Background Thread 1 ] DEBUG FXGLAssetLoaderServi - Loading from file system: file:/C:/Users/BBRZ/git/bbrz/philipp_nussdorfer/Pacman/target/classes/assets/textures/coin.png
08:18:04.073 [FXGL Background Thread 1 ] DEBUG GameWorld            - Clearing removable entities
08:18:04.074 [FXGL Background Thread 1 ] DEBUG GameWorld            - Setting level: com.almasb.fxgl.entity.level.Level@31b1a0c7
08:18:04.087 [FXGL Background Thread 1 ] INFO  FXGLApplication      - Game initialization took: 0.334 sec
08:18:04.087 [JavaFX Application Thread] DEBUG Input                - Clearing active input actions
08:18:04.102 [JavaFX Application Thread] DEBUG GameApplicationServi - Removing overlay from FXGLLoadingScene and adding to GameScene
08:18:04.102 [JavaFX Application Thread] DEBUG PrimaryStageWindow   - FXGLLoadingScene -> GameScene
08:18:06.671 [FXGL Background Thread 3 ] DEBUG Engine               - Logging environment variables
08:18:06.671 [FXGL Background Thread 3 ] DEBUG Engine               - achievements: []
08:18:06.671 [FXGL Background Thread 3 ] DEBUG Engine               - actualHeight: 600.0
08:18:06.671 [FXGL Background Thread 3 ] DEBUG Engine               - actualHeightProperty: ReadOnlyDoubleProperty [value: 600.0]
08:18:06.671 [FXGL Background Thread 3 ] DEBUG Engine               - actualWidth: 800.0
08:18:06.671 [FXGL Background Thread 3 ] DEBUG Engine               - actualWidthProperty: ReadOnlyDoubleProperty [value: 800.0]
08:18:06.671 [FXGL Background Thread 3 ] DEBUG Engine               - appIcon: fxgl_icon.png
08:18:06.672 [FXGL Background Thread 3 ] DEBUG Engine               - applicationMode: DEVELOPER
08:18:06.672 [FXGL Background Thread 3 ] DEBUG Engine               - cSSList: [fxgl_dark.css]
08:18:06.672 [FXGL Background Thread 3 ] DEBUG Engine               - collisionDetectionStrategy: BRUTE_FORCE
08:18:06.672 [FXGL Background Thread 3 ] DEBUG Engine               - configClass: Optional.empty
08:18:06.672 [FXGL Background Thread 3 ] DEBUG Engine               - credits: []
08:18:06.672 [FXGL Background Thread 3 ] DEBUG Engine               - defaultCursor: CursorInfo(imageName=fxgl_default_cursor.png, hotspotX=7.0, hotspotY=6.0)
08:18:06.672 [FXGL Background Thread 3 ] DEBUG Engine               - devBBoxColorProperty: ObjectProperty [value: 0xff0000ff]
08:18:06.672 [FXGL Background Thread 3 ] DEBUG Engine               - devEnableDebugCameraProperty: BooleanProperty [value: false]
08:18:06.672 [FXGL Background Thread 3 ] DEBUG Engine               - devSensorColorProperty: ObjectProperty [value: 0xffff00ff]
08:18:06.672 [FXGL Background Thread 3 ] DEBUG Engine               - devShowBBoxProperty: BooleanProperty [value: false]
08:18:06.672 [FXGL Background Thread 3 ] DEBUG Engine               - devShowPositionProperty: BooleanProperty [value: false]
08:18:06.672 [FXGL Background Thread 3 ] DEBUG Engine               - enabledMenuItems: []
08:18:06.672 [FXGL Background Thread 3 ] DEBUG Engine               - engineServices: [class com.almasb.fxgl.app.services.FXGLAssetLoaderService, class com.almasb.fxgl.app.FXGLApplication$GameApplicationService, class com.almasb.fxgl.app.services.FXGLDialogService, class com.almasb.fxgl.app.services.IOTaskExecutorService, class com.almasb.fxgl.io.FileSystemService, class com.almasb.fxgl.localization.LocalizationService, class com.almasb.fxgl.app.services.SystemBundleService, class com.almasb.fxgl.profile.SaveLoadService, class com.almasb.fxgl.ui.FXGLUIFactoryServiceProvider, class com.almasb.fxgl.ui.FXGLDialogFactoryServiceProvider, class com.almasb.fxgl.audio.AudioPlayer, class com.almasb.fxgl.notification.impl.NotificationServiceProvider, class com.almasb.fxgl.achievement.AchievementService, class com.almasb.fxgl.cutscene.CutsceneService, class com.almasb.fxgl.minigames.MiniGameService, class com.almasb.fxgl.net.NetService, class com.almasb.fxgl.app.services.UpdaterService, class com.almasb.fxgl.dev.DevService]
08:18:06.672 [FXGL Background Thread 3 ] DEBUG Engine               - fontGame: Abel-Regular.ttf
08:18:06.672 [FXGL Background Thread 3 ] DEBUG Engine               - fontMono: TerminalLandMono-Regular.otf
08:18:06.672 [FXGL Background Thread 3 ] DEBUG Engine               - fontSizeScaleUI: 1.0
08:18:06.672 [FXGL Background Thread 3 ] DEBUG Engine               - fontText: Courier-Prime.ttf
08:18:06.672 [FXGL Background Thread 3 ] DEBUG Engine               - fontUI: VarelaRound-Regular.ttf
08:18:06.672 [FXGL Background Thread 3 ] DEBUG Engine               - fullScreen: BooleanProperty [value: false]
08:18:06.673 [FXGL Background Thread 3 ] DEBUG Engine               - gameDifficulty: MEDIUM
08:18:06.673 [FXGL Background Thread 3 ] DEBUG Engine               - gameDifficultyProperty: ObjectProperty [value: MEDIUM]
08:18:06.673 [FXGL Background Thread 3 ] DEBUG Engine               - globalMusicVolume: 0.5
08:18:06.673 [FXGL Background Thread 3 ] DEBUG Engine               - globalMusicVolumeProperty: DoubleProperty [value: 0.5]
08:18:06.673 [FXGL Background Thread 3 ] DEBUG Engine               - globalSoundVolume: 0.5
08:18:06.673 [FXGL Background Thread 3 ] DEBUG Engine               - globalSoundVolumeProperty: DoubleProperty [value: 0.5]
08:18:06.673 [FXGL Background Thread 3 ] DEBUG Engine               - height: 600
08:18:06.673 [FXGL Background Thread 3 ] DEBUG Engine               - is3D: false
08:18:06.673 [FXGL Background Thread 3 ] DEBUG Engine               - isAndroid: false
08:18:06.673 [FXGL Background Thread 3 ] DEBUG Engine               - isBrowser: false
08:18:06.673 [FXGL Background Thread 3 ] DEBUG Engine               - isClickFeedbackEnabled: false
08:18:06.673 [FXGL Background Thread 3 ] DEBUG Engine               - isCloseConfirmation: false
08:18:06.673 [FXGL Background Thread 3 ] DEBUG Engine               - isDesktop: true
08:18:06.673 [FXGL Background Thread 3 ] DEBUG Engine               - isDeveloperMenuEnabled: false
08:18:06.673 [FXGL Background Thread 3 ] DEBUG Engine               - isEmbedded: false
08:18:06.673 [FXGL Background Thread 3 ] DEBUG Engine               - isEntityPreloadEnabled: true
08:18:06.673 [FXGL Background Thread 3 ] DEBUG Engine               - isExperimentalTiledLargeMap: false
08:18:06.673 [FXGL Background Thread 3 ] DEBUG Engine               - isFileSystemWriteAllowed: true
08:18:06.673 [FXGL Background Thread 3 ] DEBUG Engine               - isFullScreenAllowed: false
08:18:06.673 [FXGL Background Thread 3 ] DEBUG Engine               - isFullScreenFromStart: false
08:18:06.673 [FXGL Background Thread 3 ] DEBUG Engine               - isGameMenuEnabled: true
08:18:06.673 [FXGL Background Thread 3 ] DEBUG Engine               - isIOS: false
08:18:06.673 [FXGL Background Thread 3 ] DEBUG Engine               - isIntroEnabled: false
08:18:06.673 [FXGL Background Thread 3 ] DEBUG Engine               - isLinux: false
08:18:06.673 [FXGL Background Thread 3 ] DEBUG Engine               - isMac: false
08:18:06.673 [FXGL Background Thread 3 ] DEBUG Engine               - isMainMenuEnabled: false
08:18:06.673 [FXGL Background Thread 3 ] DEBUG Engine               - isManualResizeEnabled: false
08:18:06.673 [FXGL Background Thread 3 ] DEBUG Engine               - isMobile: false
08:18:06.674 [FXGL Background Thread 3 ] DEBUG Engine               - isNative: false
08:18:06.674 [FXGL Background Thread 3 ] DEBUG Engine               - isPauseMusicWhenMinimized: true
08:18:06.674 [FXGL Background Thread 3 ] DEBUG Engine               - isPreserveResizeRatio: false
08:18:06.674 [FXGL Background Thread 3 ] DEBUG Engine               - isProfilingEnabled: false
08:18:06.674 [FXGL Background Thread 3 ] DEBUG Engine               - isScaleAffectedOnResize: true
08:18:06.674 [FXGL Background Thread 3 ] DEBUG Engine               - isSingleStep: false
08:18:06.674 [FXGL Background Thread 3 ] DEBUG Engine               - isUserProfileEnabled: false
08:18:06.674 [FXGL Background Thread 3 ] DEBUG Engine               - isWindows: true
08:18:06.674 [FXGL Background Thread 3 ] DEBUG Engine               - language: ObjectProperty [value: ENGLISH]
08:18:06.674 [FXGL Background Thread 3 ] DEBUG Engine               - menuKey: ESCAPE
08:18:06.674 [FXGL Background Thread 3 ] DEBUG Engine               - mouseSensitivity: 0.2
08:18:06.674 [FXGL Background Thread 3 ] DEBUG Engine               - notificationViewClass: class com.almasb.fxgl.notification.view.XboxNotificationView
08:18:06.674 [FXGL Background Thread 3 ] DEBUG Engine               - pixelsPerMeter: 50.0
08:18:06.674 [FXGL Background Thread 3 ] DEBUG Engine               - platform: WINDOWS
08:18:06.674 [FXGL Background Thread 3 ] DEBUG Engine               - prefHeightProperty: ReadOnlyDoubleProperty [value: 600.0]
08:18:06.674 [FXGL Background Thread 3 ] DEBUG Engine               - prefWidthProperty: ReadOnlyDoubleProperty [value: 800.0]
08:18:06.674 [FXGL Background Thread 3 ] DEBUG Engine               - profileDir: profiles/
08:18:06.674 [FXGL Background Thread 3 ] DEBUG Engine               - profileName: StringProperty [value: DEFAULT]
08:18:06.674 [FXGL Background Thread 3 ] DEBUG Engine               - randomSeed: -1
08:18:06.674 [FXGL Background Thread 3 ] DEBUG Engine               - runtimeInfo: RuntimeInfo(platform=WINDOWS, version=17.3, build=30.03.2023 11.49)
08:18:06.674 [FXGL Background Thread 3 ] DEBUG Engine               - saveFileExt: sav
08:18:06.675 [FXGL Background Thread 3 ] DEBUG Engine               - scaledHeightProp$fxgl: DoubleProperty [bound, value: 600.0]
08:18:06.675 [FXGL Background Thread 3 ] DEBUG Engine               - scaledWidthProp$fxgl: DoubleProperty [bound, value: 800.0]
08:18:06.675 [FXGL Background Thread 3 ] DEBUG Engine               - sceneFactory: com.almasb.fxgl.app.scene.SceneFactory@405a36e
08:18:06.675 [FXGL Background Thread 3 ] DEBUG Engine               - secondsIn24h: 60
08:18:06.675 [FXGL Background Thread 3 ] DEBUG Engine               - soundMenuBack: menu/back.wav
08:18:06.675 [FXGL Background Thread 3 ] DEBUG Engine               - soundMenuPress: menu/press.wav
08:18:06.675 [FXGL Background Thread 3 ] DEBUG Engine               - soundMenuSelect: menu/select.wav
08:18:06.675 [FXGL Background Thread 3 ] DEBUG Engine               - soundNotification: core/notification.wav
08:18:06.675 [FXGL Background Thread 3 ] DEBUG Engine               - stageStyle: DECORATED
08:18:06.675 [FXGL Background Thread 3 ] DEBUG Engine               - supportedLanguages: [ENGLISH, FRENCH, GERMAN, HUNGARIAN, RUSSIAN]
08:18:06.675 [FXGL Background Thread 3 ] DEBUG Engine               - ticksPerSecond: -1
08:18:06.675 [FXGL Background Thread 3 ] DEBUG Engine               - title: Pacman
08:18:06.675 [FXGL Background Thread 3 ] DEBUG Engine               - urlGithub: https://github.com/AlmasB/FXGL
08:18:06.675 [FXGL Background Thread 3 ] DEBUG Engine               - urlLeaderboard: http://fxgl-top.herokuapp.com/
08:18:06.675 [FXGL Background Thread 3 ] DEBUG Engine               - urlPOM: https://raw.githubusercontent.com/AlmasB/FXGL/release/README.md
08:18:06.675 [FXGL Background Thread 3 ] DEBUG Engine               - userAppClass: class bbrz.pacman.Pacman.PacmanGame
08:18:06.675 [FXGL Background Thread 3 ] DEBUG Engine               - version: 0.0
08:18:06.675 [FXGL Background Thread 3 ] DEBUG Engine               - versionCheckDays: 7
08:18:06.675 [FXGL Background Thread 3 ] DEBUG Engine               - width: 800
08:18:06.675 [FXGL Background Thread 3 ] DEBUG Engine               - Logging services
08:18:06.675 [FXGL Background Thread 3 ] DEBUG Engine               - class com.almasb.fxgl.app.services.FXGLAssetLoaderService
08:18:06.675 [FXGL Background Thread 3 ] DEBUG Engine               - class com.almasb.fxgl.app.FXGLApplication$GameApplicationService
08:18:06.675 [FXGL Background Thread 3 ] DEBUG Engine               - class com.almasb.fxgl.app.services.FXGLDialogService
08:18:06.675 [FXGL Background Thread 3 ] DEBUG Engine               - class com.almasb.fxgl.app.services.IOTaskExecutorService
08:18:06.675 [FXGL Background Thread 3 ] DEBUG Engine               - class com.almasb.fxgl.io.FileSystemService
08:18:06.675 [FXGL Background Thread 3 ] DEBUG Engine               - class com.almasb.fxgl.localization.LocalizationService
08:18:06.675 [FXGL Background Thread 3 ] DEBUG Engine               - class com.almasb.fxgl.app.services.SystemBundleService
08:18:06.675 [FXGL Background Thread 3 ] DEBUG Engine               - class com.almasb.fxgl.profile.SaveLoadService
08:18:06.675 [FXGL Background Thread 3 ] DEBUG Engine               - class com.almasb.fxgl.ui.FXGLUIFactoryServiceProvider
08:18:06.675 [FXGL Background Thread 3 ] DEBUG Engine               - class com.almasb.fxgl.ui.FXGLDialogFactoryServiceProvider
08:18:06.675 [FXGL Background Thread 3 ] DEBUG Engine               - class com.almasb.fxgl.audio.AudioPlayer
08:18:06.675 [FXGL Background Thread 3 ] DEBUG Engine               - class com.almasb.fxgl.notification.impl.NotificationServiceProvider
08:18:06.675 [FXGL Background Thread 3 ] DEBUG Engine               - class com.almasb.fxgl.achievement.AchievementService
08:18:06.676 [FXGL Background Thread 3 ] DEBUG Engine               - class com.almasb.fxgl.cutscene.CutsceneService
08:18:06.676 [FXGL Background Thread 3 ] DEBUG Engine               - class com.almasb.fxgl.minigames.MiniGameService
08:18:06.676 [FXGL Background Thread 3 ] DEBUG Engine               - class com.almasb.fxgl.net.NetService
08:18:06.676 [FXGL Background Thread 3 ] DEBUG Engine               - class com.almasb.fxgl.app.services.UpdaterService
08:18:06.676 [FXGL Background Thread 3 ] DEBUG Engine               - class com.almasb.fxgl.dev.DevService
08:19:03.664 [JavaFX Application Thread] DEBUG FXGLApplication      - Exiting FXGL
08:19:03.664 [JavaFX Application Thread] DEBUG LoopRunner           - Stopping loop
08:19:03.664 [JavaFX Application Thread] DEBUG SystemBundleService  - Saving FXGL system data
08:19:03.666 [JavaFX Application Thread] DEBUG FileSystemAccess     - Writing to: C:\Users\BBRZ\git\bbrz\philipp_nussdorfer\Pacman\system\fxgl.bundle
08:19:03.668 [JavaFX Application Thread] DEBUG Async                - Shutting down background threads
08:19:03.668 [JavaFX Application Thread] DEBUG PrimaryStageWindow   - Closing main window
08:19:03.678 [JavaFX Application Thread] DEBUG Logger               - Closing Logger
