15:12:17.036 [main                     ] DEBUG Logger               - Configured Logger
15:12:17.062 [main                     ] DEBUG GameApplication      - Logging settings
Title: Pacman
Version: 0.0
Width: 800
Height: 600
Fullscreen: false
Intro: false
Profiling: false
Single step:false
App Mode: DEVELOPER
Menu Key: ESCAPE
Stage Style: DECORATED
Scene Factory: class com.almasb.fxgl.app.scene.SceneFactory

15:12:17.365 [JavaFX Application Thread] DEBUG FXGLApplication      - Initializing FXGL
15:12:17.369 [JavaFX Application Thread] INFO  Engine               - FXGL-17.3 (30.03.2023 11.49) on WINDOWS (J:20 FX:19.0.2.1)
15:12:17.370 [JavaFX Application Thread] DEBUG Engine               - JRE Vendor Name: Oracle Corporation
15:12:17.370 [JavaFX Application Thread] DEBUG Engine               - Running on OS: Windows 10 version 10.0
15:12:17.370 [JavaFX Application Thread] DEBUG Engine               - Architecture: amd64
15:12:17.370 [JavaFX Application Thread] INFO  Engine               - Source code and latest versions at: https://github.com/AlmasB/FXGL
15:12:17.370 [JavaFX Application Thread] INFO  Engine               -       Ask questions and discuss at: https://github.com/AlmasB/FXGL/discussions
15:12:17.370 [JavaFX Application Thread] INFO  Engine               -              Join the FXGL chat at: https://gitter.im/AlmasB/FXGL
15:12:17.453 [JavaFX Application Thread] DEBUG PrimaryStageWindow   - Creating a JavaFX scene
15:12:17.501 [JavaFX Application Thread] DEBUG PrimaryStageWindow   - Target settings size: 800.0 x 600.0
15:12:17.502 [JavaFX Application Thread] DEBUG PrimaryStageWindow   - Scaled scene size:    800.0 x 600.0
15:12:17.502 [JavaFX Application Thread] DEBUG PrimaryStageWindow   - Scaled ratio: (1.0, 1.0)
15:12:17.503 [JavaFX Application Thread] DEBUG PrimaryStageWindow   - Set initial scene to FXGLStartupScene
15:12:17.506 [JavaFX Application Thread] DEBUG PrimaryStageWindow   - Opening main window
15:12:17.584 [JavaFX Application Thread] DEBUG PrimaryStageWindow   - Window border size: (16.0, 39.0)
15:12:17.584 [JavaFX Application Thread] DEBUG PrimaryStageWindow   - Scaled size: 800.0 x 600.0
15:12:17.585 [JavaFX Application Thread] DEBUG PrimaryStageWindow   - Scaled ratio: (1.0, 1.0)
15:12:17.585 [JavaFX Application Thread] DEBUG PrimaryStageWindow   - Scene size: 800.0 x 600.0
15:12:17.585 [JavaFX Application Thread] DEBUG PrimaryStageWindow   - Stage size: 816.0 x 639.0
15:12:17.598 [FXGL Background Thread 1 ] DEBUG Engine               - Initializing environment variables
15:12:17.667 [FXGL Background Thread 1 ] DEBUG FXGLAssetLoaderServi - User app class for loading assets: class bbrz.pacman.Pacman.PacmanGame
15:12:17.668 [FXGL Background Thread 1 ] DEBUG GameApplicationServi - Applying CSS: fxgl_dark.css
15:12:17.669 [FXGL Background Thread 1 ] DEBUG FXGLAssetLoaderServi - Loading from file system: jar:file:///C:/Users/BBRZ/.m2/repository/com/github/almasb/fxgl/17.3/fxgl-17.3.jar!/fxglassets/ui/css/fxgl_dark.css
15:12:17.735 [FXGL Background Thread 1 ] DEBUG GameApplicationServi - Initializing application scenes
15:12:17.796 [FXGL Background Thread 1 ] DEBUG GameWorld            - Game world initialized
15:12:17.906 [FXGL Background Thread 1 ] DEBUG PhysicsWorld         - Physics world initialized: appHeight=600, physics.ppm=50.0
15:12:17.907 [FXGL Background Thread 1 ] DEBUG PhysicsWorld         - Using strategy: BRUTE_FORCE
15:12:17.913 [FXGL Background Thread 1 ] DEBUG GameScene            - Game scene initialized: 800x600
15:12:17.931 [FXGL Background Thread 1 ] DEBUG FXGL.DefaultMenu     - createMenuBodyGameMenu()
15:12:17.945 [FXGL Background Thread 1 ] DEBUG FXGL.DefaultMenu     - createOptionsMenu()
15:12:17.956 [FXGL Background Thread 1 ] DEBUG FXGLAssetLoaderServi - Loading from file system: jar:file:///C:/Users/BBRZ/.m2/repository/com/github/almasb/fxgl/17.3/fxgl-17.3.jar!/fxglassets/textures/particles/smoke.png
15:12:18.044 [FXGL Background Thread 1 ] DEBUG FXGLAssetLoaderServi - Loading from file system: jar:file:///C:/Users/BBRZ/.m2/repository/com/github/almasb/fxgl/17.3/fxgl-17.3.jar!/fxglassets/textures/particles/trace_horizontal.png
15:12:18.071 [FXGL Background Thread 1 ] DEBUG GameApplicationServi - Application scenes initialized
15:12:18.081 [FXGL Background Thread 1 ] DEBUG SystemBundleService  - Loading FXGL system data
15:12:18.086 [FXGL Background Thread 1 ] DEBUG FileSystemAccess     - Reading from: C:\Users\BBRZ\git\bbrz\philipp_nussdorfer\Pacman\system\fxgl.bundle
15:12:18.094 [FXGL Background Thread 1 ] DEBUG SystemBundleService  - Bundle FXGL: {}
15:12:18.095 [FXGL Background Thread 1 ] DEBUG UpdaterService       - Checking for updates
15:12:18.098 [FXGL Background Thread 4 ] DEBUG FXGLApplication      - Loading fonts
15:12:18.099 [FXGL Background Thread 4 ] DEBUG FXGLAssetLoaderServi - Loading from file system: jar:file:///C:/Users/BBRZ/.m2/repository/com/github/almasb/fxgl/17.3/fxgl-17.3.jar!/fxglassets/ui/fonts/VarelaRound-Regular.ttf
15:12:18.099 [FXGL Background Thread 1 ] DEBUG FXGLApplication      - Loading default localization
15:12:18.099 [FXGL Background Thread 1 ] DEBUG FXGLAssetLoaderServi - Loading from file system: jar:file:///C:/Users/BBRZ/.m2/repository/com/github/almasb/fxgl/17.3/fxgl-17.3.jar!/fxglassets/languages/english.lang
15:12:18.121 [FXGL Background Thread 1 ] INFO  FXGLApplication      - FXGL initialization took: 0.522 sec
15:12:18.131 [JavaFX Application Thread] DEBUG Input                - Registered new binding: Move Left - A
15:12:18.132 [JavaFX Application Thread] DEBUG Input                - Registered new binding: Move Right - D
15:12:18.132 [JavaFX Application Thread] DEBUG Input                - Registered new binding: Move Up - W
15:12:18.133 [JavaFX Application Thread] DEBUG Input                - Registered new binding: Move Down - S
15:12:18.133 [JavaFX Application Thread] DEBUG FXGLAssetLoaderServi - Loading from file system: jar:file:///C:/Users/BBRZ/.m2/repository/com/github/almasb/fxgl/17.3/fxgl-17.3.jar!/fxglassets/textures/fxgl_icon.png
15:12:18.165 [JavaFX Application Thread] DEBUG FXGLAssetLoaderServi - Loading from file system: jar:file:///C:/Users/BBRZ/.m2/repository/com/github/almasb/fxgl/17.3/fxgl-17.3.jar!/fxglassets/textures/fxgl_default_cursor.png
15:12:18.169 [JavaFX Application Thread] DEBUG Input                - Registered new binding: Screenshot - CTRL+8
15:12:18.169 [JavaFX Application Thread] DEBUG Input                - Registered new binding: System info dump - CTRL+9
15:12:18.170 [JavaFX Application Thread] DEBUG Input                - Registered new binding: Restart - CTRL+R
15:12:18.171 [JavaFX Application Thread] DEBUG Input                - Registered new binding: Toggle Debug Camera - CTRL+7
15:12:18.175 [JavaFX Application Thread] DEBUG LoopRunner           - Starting loop
15:12:18.175 [JavaFX Application Thread] DEBUG LoopRunner           - Initializing JavaFX AnimationTimerLoop
15:12:18.177 [JavaFX Application Thread] DEBUG GameApplicationServi - Starting new game
15:12:18.178 [JavaFX Application Thread] DEBUG Input                - Clearing active input actions
15:12:18.198 [JavaFX Application Thread] DEBUG GameApplicationServi - Removing overlay from FXGLStartupScene and adding to FXGLLoadingScene
15:12:18.199 [JavaFX Application Thread] DEBUG PrimaryStageWindow   - FXGLStartupScene -> FXGLLoadingScene
15:12:18.199 [JavaFX Application Thread] DEBUG GameApplicationServi - Clearing previous game
15:12:18.199 [JavaFX Application Thread] DEBUG GameScene            - Clearing game scene
15:12:18.199 [JavaFX Application Thread] DEBUG GameWorld            - Clearing game world
15:12:18.199 [JavaFX Application Thread] DEBUG PhysicsWorld         - Clearing physics world
15:12:18.202 [FXGL Background Thread 1 ] DEBUG FXGLApplication      - Initializing game
15:12:18.233 [FXGL Background Thread 4 ] DEBUG FXGLAssetLoaderServi - Loading from file system: jar:file:///C:/Users/BBRZ/.m2/repository/com/github/almasb/fxgl/17.3/fxgl-17.3.jar!/fxglassets/ui/fonts/Abel-Regular.ttf
15:12:18.250 [FXGL Background Thread 4 ] DEBUG FXGLAssetLoaderServi - Loading from file system: jar:file:///C:/Users/BBRZ/.m2/repository/com/github/almasb/fxgl/17.3/fxgl-17.3.jar!/fxglassets/ui/fonts/TerminalLandMono-Regular.otf
15:12:18.270 [FXGL Background Thread 4 ] DEBUG FXGLAssetLoaderServi - Loading from file system: jar:file:///C:/Users/BBRZ/.m2/repository/com/github/almasb/fxgl/17.3/fxgl-17.3.jar!/fxglassets/ui/fonts/Courier-Prime.ttf
15:12:18.328 [FXGL Background Thread 1 ] WARN  TMXLevelLoader       - TiledMap generated from 1.10.1. Supported version: 1.9.0. Some features may not be parsed fully.
15:12:18.370 [JavaFX Application Thread] DEBUG FXGLApplication      - Registering font factories with UI factory
15:12:18.372 [FXGL Background Thread 1 ] DEBUG TMXLevelLoader       - Parsed TiledMap: file:/C:/Users/BBRZ/git/bbrz/philipp_nussdorfer/Pacman/target/classes/assets/levels/lvl_1.tmx
15:12:18.374 [FXGL Background Thread 1 ] DEBUG TMXLevelLoader       - Creating tile layer entities
15:12:18.376 [FXGL Background Thread 1 ] DEBUG TilesetLoader        - Loading view for layer Tile Layer 1
15:12:18.377 [FXGL Background Thread 1 ] DEBUG TilesetLoader        - Created buffer with size 400.0x400.0
15:12:18.429 [FXGL Background Thread 1 ] DEBUG TilesetLoader        - Loading view for layer Tile Layer 2
15:12:18.430 [FXGL Background Thread 1 ] DEBUG TilesetLoader        - Created buffer with size 400.0x400.0
15:12:18.430 [FXGL Background Thread 1 ] DEBUG TMXLevelLoader       - Creating object layer entities
15:12:18.435 [FXGL Background Thread 1 ] DEBUG FXGLAssetLoaderServi - Loading from file system: file:/C:/Users/BBRZ/git/bbrz/philipp_nussdorfer/Pacman/target/classes/assets/textures/player.png
15:12:18.467 [FXGL Background Thread 1 ] DEBUG FXGLAssetLoaderServi - Loading from file system: file:/C:/Users/BBRZ/git/bbrz/philipp_nussdorfer/Pacman/target/classes/assets/textures/coin.png
15:12:18.584 [FXGL Background Thread 1 ] DEBUG GameWorld            - Clearing removable entities
15:12:18.585 [FXGL Background Thread 1 ] DEBUG GameWorld            - Setting level: com.almasb.fxgl.entity.level.Level@7d0de7e7
15:12:18.606 [FXGL Background Thread 1 ] INFO  FXGLApplication      - Game initialization took: 0.404 sec
15:12:18.618 [JavaFX Application Thread] DEBUG Input                - Clearing active input actions
15:12:18.638 [JavaFX Application Thread] DEBUG GameApplicationServi - Removing overlay from FXGLLoadingScene and adding to GameScene
15:12:18.638 [JavaFX Application Thread] DEBUG PrimaryStageWindow   - FXGLLoadingScene -> GameScene
15:12:21.098 [FXGL Background Thread 3 ] DEBUG Engine               - Logging environment variables
15:12:21.098 [FXGL Background Thread 3 ] DEBUG Engine               - achievements: []
15:12:21.099 [FXGL Background Thread 3 ] DEBUG Engine               - actualHeight: 600.0
15:12:21.099 [FXGL Background Thread 3 ] DEBUG Engine               - actualHeightProperty: ReadOnlyDoubleProperty [value: 600.0]
15:12:21.099 [FXGL Background Thread 3 ] DEBUG Engine               - actualWidth: 800.0
15:12:21.099 [FXGL Background Thread 3 ] DEBUG Engine               - actualWidthProperty: ReadOnlyDoubleProperty [value: 800.0]
15:12:21.099 [FXGL Background Thread 3 ] DEBUG Engine               - appIcon: fxgl_icon.png
15:12:21.099 [FXGL Background Thread 3 ] DEBUG Engine               - applicationMode: DEVELOPER
15:12:21.099 [FXGL Background Thread 3 ] DEBUG Engine               - cSSList: [fxgl_dark.css]
15:12:21.099 [FXGL Background Thread 3 ] DEBUG Engine               - collisionDetectionStrategy: BRUTE_FORCE
15:12:21.099 [FXGL Background Thread 3 ] DEBUG Engine               - configClass: Optional.empty
15:12:21.099 [FXGL Background Thread 3 ] DEBUG Engine               - credits: []
15:12:21.099 [FXGL Background Thread 3 ] DEBUG Engine               - defaultCursor: CursorInfo(imageName=fxgl_default_cursor.png, hotspotX=7.0, hotspotY=6.0)
15:12:21.099 [FXGL Background Thread 3 ] DEBUG Engine               - devBBoxColorProperty: ObjectProperty [value: 0xff0000ff]
15:12:21.099 [FXGL Background Thread 3 ] DEBUG Engine               - devEnableDebugCameraProperty: BooleanProperty [value: false]
15:12:21.099 [FXGL Background Thread 3 ] DEBUG Engine               - devSensorColorProperty: ObjectProperty [value: 0xffff00ff]
15:12:21.099 [FXGL Background Thread 3 ] DEBUG Engine               - devShowBBoxProperty: BooleanProperty [value: false]
15:12:21.099 [FXGL Background Thread 3 ] DEBUG Engine               - devShowPositionProperty: BooleanProperty [value: false]
15:12:21.100 [FXGL Background Thread 3 ] DEBUG Engine               - enabledMenuItems: []
15:12:21.100 [FXGL Background Thread 3 ] DEBUG Engine               - engineServices: [class com.almasb.fxgl.app.services.FXGLAssetLoaderService, class com.almasb.fxgl.app.FXGLApplication$GameApplicationService, class com.almasb.fxgl.app.services.FXGLDialogService, class com.almasb.fxgl.app.services.IOTaskExecutorService, class com.almasb.fxgl.io.FileSystemService, class com.almasb.fxgl.localization.LocalizationService, class com.almasb.fxgl.app.services.SystemBundleService, class com.almasb.fxgl.profile.SaveLoadService, class com.almasb.fxgl.ui.FXGLUIFactoryServiceProvider, class com.almasb.fxgl.ui.FXGLDialogFactoryServiceProvider, class com.almasb.fxgl.audio.AudioPlayer, class com.almasb.fxgl.notification.impl.NotificationServiceProvider, class com.almasb.fxgl.achievement.AchievementService, class com.almasb.fxgl.cutscene.CutsceneService, class com.almasb.fxgl.minigames.MiniGameService, class com.almasb.fxgl.net.NetService, class com.almasb.fxgl.app.services.UpdaterService, class com.almasb.fxgl.dev.DevService]
15:12:21.100 [FXGL Background Thread 3 ] DEBUG Engine               - fontGame: Abel-Regular.ttf
15:12:21.100 [FXGL Background Thread 3 ] DEBUG Engine               - fontMono: TerminalLandMono-Regular.otf
15:12:21.100 [FXGL Background Thread 3 ] DEBUG Engine               - fontSizeScaleUI: 1.0
15:12:21.100 [FXGL Background Thread 3 ] DEBUG Engine               - fontText: Courier-Prime.ttf
15:12:21.100 [FXGL Background Thread 3 ] DEBUG Engine               - fontUI: VarelaRound-Regular.ttf
15:12:21.100 [FXGL Background Thread 3 ] DEBUG Engine               - fullScreen: BooleanProperty [value: false]
15:12:21.100 [FXGL Background Thread 3 ] DEBUG Engine               - gameDifficulty: MEDIUM
15:12:21.100 [FXGL Background Thread 3 ] DEBUG Engine               - gameDifficultyProperty: ObjectProperty [value: MEDIUM]
15:12:21.100 [FXGL Background Thread 3 ] DEBUG Engine               - globalMusicVolume: 0.5
15:12:21.100 [FXGL Background Thread 3 ] DEBUG Engine               - globalMusicVolumeProperty: DoubleProperty [value: 0.5]
15:12:21.100 [FXGL Background Thread 3 ] DEBUG Engine               - globalSoundVolume: 0.5
15:12:21.100 [FXGL Background Thread 3 ] DEBUG Engine               - globalSoundVolumeProperty: DoubleProperty [value: 0.5]
15:12:21.100 [FXGL Background Thread 3 ] DEBUG Engine               - height: 600
15:12:21.100 [FXGL Background Thread 3 ] DEBUG Engine               - is3D: false
15:12:21.100 [FXGL Background Thread 3 ] DEBUG Engine               - isAndroid: false
15:12:21.100 [FXGL Background Thread 3 ] DEBUG Engine               - isBrowser: false
15:12:21.100 [FXGL Background Thread 3 ] DEBUG Engine               - isClickFeedbackEnabled: false
15:12:21.100 [FXGL Background Thread 3 ] DEBUG Engine               - isCloseConfirmation: false
15:12:21.100 [FXGL Background Thread 3 ] DEBUG Engine               - isDesktop: true
15:12:21.100 [FXGL Background Thread 3 ] DEBUG Engine               - isDeveloperMenuEnabled: false
15:12:21.100 [FXGL Background Thread 3 ] DEBUG Engine               - isEmbedded: false
15:12:21.101 [FXGL Background Thread 3 ] DEBUG Engine               - isEntityPreloadEnabled: true
15:12:21.101 [FXGL Background Thread 3 ] DEBUG Engine               - isExperimentalTiledLargeMap: false
15:12:21.101 [FXGL Background Thread 3 ] DEBUG Engine               - isFileSystemWriteAllowed: true
15:12:21.101 [FXGL Background Thread 3 ] DEBUG Engine               - isFullScreenAllowed: false
15:12:21.101 [FXGL Background Thread 3 ] DEBUG Engine               - isFullScreenFromStart: false
15:12:21.101 [FXGL Background Thread 3 ] DEBUG Engine               - isGameMenuEnabled: true
15:12:21.101 [FXGL Background Thread 3 ] DEBUG Engine               - isIOS: false
15:12:21.101 [FXGL Background Thread 3 ] DEBUG Engine               - isIntroEnabled: false
15:12:21.101 [FXGL Background Thread 3 ] DEBUG Engine               - isLinux: false
15:12:21.101 [FXGL Background Thread 3 ] DEBUG Engine               - isMac: false
15:12:21.101 [FXGL Background Thread 3 ] DEBUG Engine               - isMainMenuEnabled: false
15:12:21.101 [FXGL Background Thread 3 ] DEBUG Engine               - isManualResizeEnabled: false
15:12:21.101 [FXGL Background Thread 3 ] DEBUG Engine               - isMobile: false
15:12:21.101 [FXGL Background Thread 3 ] DEBUG Engine               - isNative: false
15:12:21.101 [FXGL Background Thread 3 ] DEBUG Engine               - isPauseMusicWhenMinimized: true
15:12:21.101 [FXGL Background Thread 3 ] DEBUG Engine               - isPreserveResizeRatio: false
15:12:21.101 [FXGL Background Thread 3 ] DEBUG Engine               - isProfilingEnabled: false
15:12:21.101 [FXGL Background Thread 3 ] DEBUG Engine               - isScaleAffectedOnResize: true
15:12:21.101 [FXGL Background Thread 3 ] DEBUG Engine               - isSingleStep: false
15:12:21.101 [FXGL Background Thread 3 ] DEBUG Engine               - isUserProfileEnabled: false
15:12:21.101 [FXGL Background Thread 3 ] DEBUG Engine               - isWindows: true
15:12:21.101 [FXGL Background Thread 3 ] DEBUG Engine               - language: ObjectProperty [value: ENGLISH]
15:12:21.101 [FXGL Background Thread 3 ] DEBUG Engine               - menuKey: ESCAPE
15:12:21.101 [FXGL Background Thread 3 ] DEBUG Engine               - mouseSensitivity: 0.2
15:12:21.101 [FXGL Background Thread 3 ] DEBUG Engine               - notificationViewClass: class com.almasb.fxgl.notification.view.XboxNotificationView
15:12:21.101 [FXGL Background Thread 3 ] DEBUG Engine               - pixelsPerMeter: 50.0
15:12:21.101 [FXGL Background Thread 3 ] DEBUG Engine               - platform: WINDOWS
15:12:21.102 [FXGL Background Thread 3 ] DEBUG Engine               - prefHeightProperty: ReadOnlyDoubleProperty [value: 600.0]
15:12:21.102 [FXGL Background Thread 3 ] DEBUG Engine               - prefWidthProperty: ReadOnlyDoubleProperty [value: 800.0]
15:12:21.102 [FXGL Background Thread 3 ] DEBUG Engine               - profileDir: profiles/
15:12:21.102 [FXGL Background Thread 3 ] DEBUG Engine               - profileName: StringProperty [value: DEFAULT]
15:12:21.102 [FXGL Background Thread 3 ] DEBUG Engine               - randomSeed: -1
15:12:21.102 [FXGL Background Thread 3 ] DEBUG Engine               - runtimeInfo: RuntimeInfo(platform=WINDOWS, version=17.3, build=30.03.2023 11.49)
15:12:21.102 [FXGL Background Thread 3 ] DEBUG Engine               - saveFileExt: sav
15:12:21.102 [FXGL Background Thread 3 ] DEBUG Engine               - scaledHeightProp$fxgl: DoubleProperty [bound, value: 600.0]
15:12:21.102 [FXGL Background Thread 3 ] DEBUG Engine               - scaledWidthProp$fxgl: DoubleProperty [bound, value: 800.0]
15:12:21.102 [FXGL Background Thread 3 ] DEBUG Engine               - sceneFactory: com.almasb.fxgl.app.scene.SceneFactory@5c3a1daa
15:12:21.102 [FXGL Background Thread 3 ] DEBUG Engine               - secondsIn24h: 60
15:12:21.102 [FXGL Background Thread 3 ] DEBUG Engine               - soundMenuBack: menu/back.wav
15:12:21.102 [FXGL Background Thread 3 ] DEBUG Engine               - soundMenuPress: menu/press.wav
15:12:21.102 [FXGL Background Thread 3 ] DEBUG Engine               - soundMenuSelect: menu/select.wav
15:12:21.102 [FXGL Background Thread 3 ] DEBUG Engine               - soundNotification: core/notification.wav
15:12:21.102 [FXGL Background Thread 3 ] DEBUG Engine               - stageStyle: DECORATED
15:12:21.102 [FXGL Background Thread 3 ] DEBUG Engine               - supportedLanguages: [ENGLISH, FRENCH, GERMAN, HUNGARIAN, RUSSIAN]
15:12:21.102 [FXGL Background Thread 3 ] DEBUG Engine               - ticksPerSecond: -1
15:12:21.102 [FXGL Background Thread 3 ] DEBUG Engine               - title: Pacman
15:12:21.102 [FXGL Background Thread 3 ] DEBUG Engine               - urlGithub: https://github.com/AlmasB/FXGL
15:12:21.102 [FXGL Background Thread 3 ] DEBUG Engine               - urlLeaderboard: http://fxgl-top.herokuapp.com/
15:12:21.103 [FXGL Background Thread 3 ] DEBUG Engine               - urlPOM: https://raw.githubusercontent.com/AlmasB/FXGL/release/README.md
15:12:21.103 [FXGL Background Thread 3 ] DEBUG Engine               - userAppClass: class bbrz.pacman.Pacman.PacmanGame
15:12:21.103 [FXGL Background Thread 3 ] DEBUG Engine               - version: 0.0
15:12:21.103 [FXGL Background Thread 3 ] DEBUG Engine               - versionCheckDays: 7
15:12:21.103 [FXGL Background Thread 3 ] DEBUG Engine               - width: 800
15:12:21.103 [FXGL Background Thread 3 ] DEBUG Engine               - Logging services
15:12:21.103 [FXGL Background Thread 3 ] DEBUG Engine               - class com.almasb.fxgl.app.services.FXGLAssetLoaderService
15:12:21.103 [FXGL Background Thread 3 ] DEBUG Engine               - class com.almasb.fxgl.app.FXGLApplication$GameApplicationService
15:12:21.103 [FXGL Background Thread 3 ] DEBUG Engine               - class com.almasb.fxgl.app.services.FXGLDialogService
15:12:21.103 [FXGL Background Thread 3 ] DEBUG Engine               - class com.almasb.fxgl.app.services.IOTaskExecutorService
15:12:21.103 [FXGL Background Thread 3 ] DEBUG Engine               - class com.almasb.fxgl.io.FileSystemService
15:12:21.103 [FXGL Background Thread 3 ] DEBUG Engine               - class com.almasb.fxgl.localization.LocalizationService
15:12:21.103 [FXGL Background Thread 3 ] DEBUG Engine               - class com.almasb.fxgl.app.services.SystemBundleService
15:12:21.103 [FXGL Background Thread 3 ] DEBUG Engine               - class com.almasb.fxgl.profile.SaveLoadService
15:12:21.103 [FXGL Background Thread 3 ] DEBUG Engine               - class com.almasb.fxgl.ui.FXGLUIFactoryServiceProvider
15:12:21.103 [FXGL Background Thread 3 ] DEBUG Engine               - class com.almasb.fxgl.ui.FXGLDialogFactoryServiceProvider
15:12:21.103 [FXGL Background Thread 3 ] DEBUG Engine               - class com.almasb.fxgl.audio.AudioPlayer
15:12:21.103 [FXGL Background Thread 3 ] DEBUG Engine               - class com.almasb.fxgl.notification.impl.NotificationServiceProvider
15:12:21.103 [FXGL Background Thread 3 ] DEBUG Engine               - class com.almasb.fxgl.achievement.AchievementService
15:12:21.103 [FXGL Background Thread 3 ] DEBUG Engine               - class com.almasb.fxgl.cutscene.CutsceneService
15:12:21.103 [FXGL Background Thread 3 ] DEBUG Engine               - class com.almasb.fxgl.minigames.MiniGameService
15:12:21.103 [FXGL Background Thread 3 ] DEBUG Engine               - class com.almasb.fxgl.net.NetService
15:12:21.103 [FXGL Background Thread 3 ] DEBUG Engine               - class com.almasb.fxgl.app.services.UpdaterService
15:12:21.103 [FXGL Background Thread 3 ] DEBUG Engine               - class com.almasb.fxgl.dev.DevService
15:13:05.706 [JavaFX Application Thread] DEBUG FXGLApplication      - Exiting FXGL
15:13:05.706 [JavaFX Application Thread] DEBUG LoopRunner           - Stopping loop
15:13:05.706 [JavaFX Application Thread] DEBUG SystemBundleService  - Saving FXGL system data
15:13:05.708 [JavaFX Application Thread] DEBUG FileSystemAccess     - Writing to: C:\Users\BBRZ\git\bbrz\philipp_nussdorfer\Pacman\system\fxgl.bundle
15:13:05.710 [JavaFX Application Thread] DEBUG Async                - Shutting down background threads
15:13:05.710 [JavaFX Application Thread] DEBUG PrimaryStageWindow   - Closing main window
15:13:05.719 [JavaFX Application Thread] DEBUG Logger               - Closing Logger
